{"/home/travis/build/npmtest/node-npmtest-openid-client/test.js":{"path":"/home/travis/build/npmtest/node-npmtest-openid-client/test.js","s":{"1":2,"2":2,"3":2,"4":2,"5":2,"6":2,"7":2,"8":1,"9":2,"10":2,"11":1,"12":1,"13":1,"14":1,"15":2,"16":2,"17":2,"18":2,"19":1,"20":1,"21":2,"22":2,"23":2,"24":1,"25":1,"26":1,"27":1,"28":1,"29":1,"30":1,"31":1,"32":1,"33":1,"34":1,"35":1,"36":1,"37":1,"38":1,"39":2,"40":2,"41":1,"42":2,"43":2,"44":1,"45":2,"46":2,"47":1,"48":2,"49":2,"50":1,"51":1,"52":1,"53":1,"54":1},"b":{"1":[2,1,1,1],"2":[1,1,1,1],"3":[1,1],"4":[1,1],"5":[1,1],"6":[1,1],"7":[1,1],"8":[1,1],"9":[1,1],"10":[1,1,1],"11":[1,1],"12":[1,1],"13":[1,1],"14":[1,1],"15":[1,1],"16":[1,1],"17":[1,1]},"f":{"1":2,"2":2,"3":2,"4":2,"5":2,"6":1,"7":1,"8":1,"9":2,"10":2,"11":2,"12":2,"13":1},"fnMap":{"1":{"name":"(anonymous_1)","line":12,"loc":{"start":{"line":12,"column":1},"end":{"line":12,"column":13}}},"2":{"name":"(anonymous_2)","line":19,"loc":{"start":{"line":19,"column":5},"end":{"line":19,"column":17}}},"3":{"name":"(anonymous_3)","line":23,"loc":{"start":{"line":23,"column":24},"end":{"line":23,"column":36}}},"4":{"name":"(anonymous_4)","line":61,"loc":{"start":{"line":61,"column":5},"end":{"line":61,"column":17}}},"5":{"name":"(anonymous_5)","line":82,"loc":{"start":{"line":82,"column":5},"end":{"line":82,"column":17}}},"6":{"name":"(anonymous_6)","line":91,"loc":{"start":{"line":91,"column":77},"end":{"line":94,"column":10}}},"7":{"name":"(anonymous_7)","line":112,"loc":{"start":{"line":112,"column":83},"end":{"line":115,"column":10}},"skip":true},"8":{"name":"(anonymous_8)","line":123,"loc":{"start":{"line":123,"column":77},"end":{"line":126,"column":10}},"skip":true},"9":{"name":"(anonymous_9)","line":139,"loc":{"start":{"line":139,"column":12},"end":{"line":139,"column":40}},"skip":true},"10":{"name":"(anonymous_10)","line":147,"loc":{"start":{"line":147,"column":77},"end":{"line":150,"column":10}},"skip":true},"11":{"name":"(anonymous_11)","line":158,"loc":{"start":{"line":158,"column":83},"end":{"line":161,"column":10}},"skip":true},"12":{"name":"(anonymous_12)","line":169,"loc":{"start":{"line":169,"column":79},"end":{"line":172,"column":10}},"skip":true},"13":{"name":"(anonymous_13)","line":180,"loc":{"start":{"line":180,"column":75},"end":{"line":183,"column":10}},"skip":true}},"statementMap":{"1":{"start":{"line":12,"column":0},"end":{"line":195,"column":5}},"2":{"start":{"line":14,"column":4},"end":{"line":14,"column":14}},"3":{"start":{"line":19,"column":4},"end":{"line":56,"column":9}},"4":{"start":{"line":21,"column":8},"end":{"line":21,"column":19}},"5":{"start":{"line":23,"column":8},"end":{"line":35,"column":13}},"6":{"start":{"line":24,"column":12},"end":{"line":34,"column":13}},"7":{"start":{"line":25,"column":16},"end":{"line":28,"column":30}},"8":{"start":{"line":30,"column":16},"end":{"line":33,"column":27}},"9":{"start":{"line":37,"column":8},"end":{"line":39,"column":21}},"10":{"start":{"line":40,"column":8},"end":{"line":53,"column":9}},"11":{"start":{"line":43,"column":12},"end":{"line":46,"column":14}},"12":{"start":{"line":47,"column":12},"end":{"line":47,"column":18}},"13":{"start":{"line":50,"column":12},"end":{"line":51,"column":33}},"14":{"start":{"line":52,"column":12},"end":{"line":52,"column":18}},"15":{"start":{"line":55,"column":8},"end":{"line":55,"column":35}},"16":{"start":{"line":61,"column":4},"end":{"line":63,"column":9}},"17":{"start":{"line":62,"column":8},"end":{"line":62,"column":15}},"18":{"start":{"line":64,"column":4},"end":{"line":77,"column":5}},"19":{"start":{"line":70,"column":8},"end":{"line":70,"column":14}},"20":{"start":{"line":76,"column":8},"end":{"line":76,"column":14}},"21":{"start":{"line":82,"column":4},"end":{"line":84,"column":9}},"22":{"start":{"line":83,"column":8},"end":{"line":83,"column":15}},"23":{"start":{"line":85,"column":4},"end":{"line":194,"column":5}},"24":{"start":{"line":91,"column":8},"end":{"line":99,"column":10}},"25":{"start":{"line":98,"column":12},"end":{"line":98,"column":35}},"26":{"start":{"line":102,"column":8},"end":{"line":104,"column":63}},"27":{"start":{"line":105,"column":8},"end":{"line":105,"column":14}},"28":{"start":{"line":112,"column":8},"end":{"line":121,"column":10},"skip":true},"29":{"start":{"line":119,"column":12},"end":{"line":119,"column":55},"skip":true},"30":{"start":{"line":120,"column":12},"end":{"line":120,"column":48},"skip":true},"31":{"start":{"line":123,"column":8},"end":{"line":136,"column":10},"skip":true},"32":{"start":{"line":130,"column":12},"end":{"line":130,"column":76},"skip":true},"33":{"start":{"line":131,"column":12},"end":{"line":131,"column":73},"skip":true},"34":{"start":{"line":132,"column":12},"end":{"line":132,"column":74},"skip":true},"35":{"start":{"line":133,"column":12},"end":{"line":133,"column":79},"skip":true},"36":{"start":{"line":134,"column":12},"end":{"line":134,"column":25},"skip":true},"37":{"start":{"line":135,"column":12},"end":{"line":135,"column":45},"skip":true},"38":{"start":{"line":138,"column":8},"end":{"line":145,"column":14},"skip":true},"39":{"start":{"line":143,"column":16},"end":{"line":143,"column":29},"skip":true},"40":{"start":{"line":144,"column":16},"end":{"line":144,"column":55},"skip":true},"41":{"start":{"line":147,"column":8},"end":{"line":156,"column":10},"skip":true},"42":{"start":{"line":154,"column":12},"end":{"line":154,"column":25},"skip":true},"43":{"start":{"line":155,"column":12},"end":{"line":155,"column":45},"skip":true},"44":{"start":{"line":158,"column":8},"end":{"line":167,"column":10},"skip":true},"45":{"start":{"line":165,"column":12},"end":{"line":165,"column":25},"skip":true},"46":{"start":{"line":166,"column":12},"end":{"line":166,"column":48},"skip":true},"47":{"start":{"line":169,"column":8},"end":{"line":178,"column":10},"skip":true},"48":{"start":{"line":176,"column":12},"end":{"line":176,"column":25},"skip":true},"49":{"start":{"line":177,"column":12},"end":{"line":177,"column":46},"skip":true},"50":{"start":{"line":180,"column":8},"end":{"line":189,"column":10},"skip":true},"51":{"start":{"line":187,"column":12},"end":{"line":187,"column":94},"skip":true},"52":{"start":{"line":188,"column":12},"end":{"line":188,"column":48},"skip":true},"53":{"start":{"line":192,"column":8},"end":{"line":192,"column":35},"skip":true},"54":{"start":{"line":193,"column":8},"end":{"line":193,"column":14},"skip":true}},"branchMap":{"1":{"line":25,"type":"binary-expr","locations":[{"start":{"line":25,"column":23},"end":{"line":25,"column":62}},{"start":{"line":26,"column":20},"end":{"line":26,"column":70}},{"start":{"line":27,"column":20},"end":{"line":27,"column":71}},{"start":{"line":28,"column":20},"end":{"line":28,"column":29}}]},"2":{"line":30,"type":"binary-expr","locations":[{"start":{"line":30,"column":23},"end":{"line":30,"column":37}},{"start":{"line":31,"column":20},"end":{"line":31,"column":61}},{"start":{"line":32,"column":20},"end":{"line":32,"column":70}},{"start":{"line":33,"column":20},"end":{"line":33,"column":26}}]},"3":{"line":37,"type":"cond-expr","locations":[{"start":{"line":38,"column":14},"end":{"line":38,"column":20}},{"start":{"line":39,"column":14},"end":{"line":39,"column":20}}]},"4":{"line":40,"type":"switch","locations":[{"start":{"line":42,"column":8},"end":{"line":47,"column":18}},{"start":{"line":49,"column":8},"end":{"line":52,"column":18}}]},"5":{"line":44,"type":"binary-expr","locations":[{"start":{"line":44,"column":16},"end":{"line":44,"column":44}},{"start":{"line":44,"column":48},"end":{"line":44,"column":66}}]},"6":{"line":50,"type":"binary-expr","locations":[{"start":{"line":50,"column":21},"end":{"line":50,"column":49}},{"start":{"line":50,"column":53},"end":{"line":50,"column":72}}]},"7":{"line":64,"type":"switch","locations":[{"start":{"line":69,"column":4},"end":{"line":70,"column":14}},{"start":{"line":75,"column":4},"end":{"line":76,"column":14}}]},"8":{"line":85,"type":"switch","locations":[{"start":{"line":90,"column":4},"end":{"line":105,"column":14}},{"start":{"line":111,"column":4},"end":{"line":193,"column":14},"skip":true}]},"9":{"line":91,"type":"binary-expr","locations":[{"start":{"line":91,"column":42},"end":{"line":91,"column":73}},{"start":{"line":91,"column":77},"end":{"line":99,"column":9}}]},"10":{"line":102,"type":"binary-expr","locations":[{"start":{"line":102,"column":18},"end":{"line":102,"column":32}},{"start":{"line":103,"column":12},"end":{"line":103,"column":53}},{"start":{"line":104,"column":12},"end":{"line":104,"column":61}}]},"11":{"line":112,"type":"binary-expr","locations":[{"start":{"line":112,"column":45},"end":{"line":112,"column":79},"skip":true},{"start":{"line":112,"column":83},"end":{"line":121,"column":9},"skip":true}]},"12":{"line":123,"type":"binary-expr","locations":[{"start":{"line":123,"column":42},"end":{"line":123,"column":73},"skip":true},{"start":{"line":123,"column":77},"end":{"line":136,"column":9},"skip":true}]},"13":{"line":138,"type":"binary-expr","locations":[{"start":{"line":138,"column":48},"end":{"line":138,"column":85},"skip":true},{"start":{"line":139,"column":12},"end":{"line":145,"column":13},"skip":true}]},"14":{"line":147,"type":"binary-expr","locations":[{"start":{"line":147,"column":42},"end":{"line":147,"column":73},"skip":true},{"start":{"line":147,"column":77},"end":{"line":156,"column":9},"skip":true}]},"15":{"line":158,"type":"binary-expr","locations":[{"start":{"line":158,"column":45},"end":{"line":158,"column":79},"skip":true},{"start":{"line":158,"column":83},"end":{"line":167,"column":9},"skip":true}]},"16":{"line":169,"type":"binary-expr","locations":[{"start":{"line":169,"column":43},"end":{"line":169,"column":75},"skip":true},{"start":{"line":169,"column":79},"end":{"line":178,"column":9},"skip":true}]},"17":{"line":180,"type":"binary-expr","locations":[{"start":{"line":180,"column":41},"end":{"line":180,"column":71},"skip":true},{"start":{"line":180,"column":75},"end":{"line":189,"column":9},"skip":true}]}},"code":["/* istanbul instrument in package npmtest_openid_client */","/*jslint","    bitwise: true,","    browser: true,","    maxerr: 8,","    maxlen: 96,","    node: true,","    nomen: true,","    regexp: true,","    stupid: true","*/","(function () {","    'use strict';","    var local;","","","","    // run shared js-env code - pre-init","    (function () {","        // init local","        local = {};","        // init modeJs","        local.modeJs = (function () {","            try {","                return typeof navigator.userAgent === 'string' &&","                    typeof document.querySelector('body') === 'object' &&","                    typeof XMLHttpRequest.prototype.open === 'function' &&","                    'browser';","            } catch (errorCaughtBrowser) {","                return module.exports &&","                    typeof process.versions.node === 'string' &&","                    typeof require('http').createServer === 'function' &&","                    'node';","            }","        }());","        // init global","        local.global = local.modeJs === 'browser'","            ? window","            : global;","        switch (local.modeJs) {","        // re-init local from window.local","        case 'browser':","            local = local.global.utility2.objectSetDefault(","                local.global.utility2_rollup || local.global.local,","                local.global.utility2","            );","            break;","        // re-init local from example.js","        case 'node':","            local = (local.global.utility2_rollup || require('utility2'))","                .requireReadme();","            break;","        }","        // export local","        local.global.local = local;","    }());","","","","    // run shared js-env code - function","    (function () {","        return;","    }());","    switch (local.modeJs) {","","","","    // run browser js-env code - function","    case 'browser':","        break;","","","","    // run node js-env code - function","    case 'node':","        break;","    }","","","","    // run shared js-env code - post-init","    (function () {","        return;","    }());","    switch (local.modeJs) {","","","","    // run browser js-env code - post-init","    case 'browser':","        local.testCase_browser_nullCase = local.testCase_browser_nullCase || function (","            options,","            onError","        ) {","        /*","         * this function will test browsers's null-case handling-behavior-behavior","         */","            onError(null, options);","        };","","        // run tests","        local.nop(local.modeTest &&","            document.querySelector('#testRunButton1') &&","            document.querySelector('#testRunButton1').click());","        break;","","","","    // run node js-env code - post-init","    /* istanbul ignore next */","    case 'node':","        local.testCase_buildApidoc_default = local.testCase_buildApidoc_default || function (","            options,","            onError","        ) {","        /*","         * this function will test buildApidoc's default handling-behavior-behavior","         */","            options = { modulePathList: module.paths };","            local.buildApidoc(options, onError);","        };","","        local.testCase_buildApp_default = local.testCase_buildApp_default || function (","            options,","            onError","        ) {","        /*","         * this function will test buildApp's default handling-behavior-behavior","         */","            local.testCase_buildReadme_default(options, local.onErrorThrow);","            local.testCase_buildLib_default(options, local.onErrorThrow);","            local.testCase_buildTest_default(options, local.onErrorThrow);","            local.testCase_buildCustomOrg_default(options, local.onErrorThrow);","            options = [];","            local.buildApp(options, onError);","        };","","        local.testCase_buildCustomOrg_default = local.testCase_buildCustomOrg_default ||","            function (options, onError) {","            /*","             * this function will test buildCustomOrg's default handling-behavior","             */","                options = {};","                local.buildCustomOrg(options, onError);","            };","","        local.testCase_buildLib_default = local.testCase_buildLib_default || function (","            options,","            onError","        ) {","        /*","         * this function will test buildLib's default handling-behavior","         */","            options = {};","            local.buildLib(options, onError);","        };","","        local.testCase_buildReadme_default = local.testCase_buildReadme_default || function (","            options,","            onError","        ) {","        /*","         * this function will test buildReadme's default handling-behavior-behavior","         */","            options = {};","            local.buildReadme(options, onError);","        };","","        local.testCase_buildTest_default = local.testCase_buildTest_default || function (","            options,","            onError","        ) {","        /*","         * this function will test buildTest's default handling-behavior","         */","            options = {};","            local.buildTest(options, onError);","        };","","        local.testCase_webpage_default = local.testCase_webpage_default || function (","            options,","            onError","        ) {","        /*","         * this function will test webpage's default handling-behavior","         */","            options = { modeCoverageMerge: true, url: local.serverLocalHost + '?modeTest=1' };","            local.browserTest(options, onError);","        };","","        // run test-server","        local.testRunServer(local);","        break;","    }","}());",""],"l":{"12":2,"14":2,"19":2,"21":2,"23":2,"24":2,"25":2,"30":1,"37":2,"40":2,"43":1,"47":1,"50":1,"52":1,"55":2,"61":2,"62":2,"64":2,"70":1,"76":1,"82":2,"83":2,"85":2,"91":1,"98":1,"102":1,"105":1,"112":1,"119":1,"120":1,"123":1,"130":1,"131":1,"132":1,"133":1,"134":1,"135":1,"138":1,"143":2,"144":2,"147":1,"154":2,"155":2,"158":1,"165":2,"166":2,"169":1,"176":2,"177":2,"180":1,"187":1,"188":1,"192":1,"193":1}},"/home/travis/build/npmtest/node-npmtest-openid-client/lib.npmtest_openid_client.js":{"path":"/home/travis/build/npmtest/node-npmtest-openid-client/lib.npmtest_openid_client.js","s":{"1":2,"2":2,"3":2,"4":2,"5":2,"6":2,"7":2,"8":1,"9":2,"10":2,"11":2,"12":2,"13":1,"14":1,"15":1,"16":1},"b":{"1":[2,1,1,1],"2":[1,1,1,1],"3":[1,1],"4":[2,2],"5":[1,1]},"f":{"1":2,"2":2,"3":2},"fnMap":{"1":{"name":"(anonymous_1)","line":12,"loc":{"start":{"line":12,"column":1},"end":{"line":12,"column":13}}},"2":{"name":"(anonymous_2)","line":19,"loc":{"start":{"line":19,"column":5},"end":{"line":19,"column":17}}},"3":{"name":"(anonymous_3)","line":23,"loc":{"start":{"line":23,"column":24},"end":{"line":23,"column":36}}}},"statementMap":{"1":{"start":{"line":12,"column":0},"end":{"line":53,"column":5}},"2":{"start":{"line":14,"column":4},"end":{"line":14,"column":14}},"3":{"start":{"line":19,"column":4},"end":{"line":52,"column":9}},"4":{"start":{"line":21,"column":8},"end":{"line":21,"column":19}},"5":{"start":{"line":23,"column":8},"end":{"line":35,"column":13}},"6":{"start":{"line":24,"column":12},"end":{"line":34,"column":13}},"7":{"start":{"line":25,"column":16},"end":{"line":28,"column":30}},"8":{"start":{"line":30,"column":16},"end":{"line":33,"column":27}},"9":{"start":{"line":37,"column":8},"end":{"line":39,"column":21}},"10":{"start":{"line":41,"column":8},"end":{"line":41,"column":54}},"11":{"start":{"line":43,"column":8},"end":{"line":43,"column":58}},"12":{"start":{"line":45,"column":8},"end":{"line":51,"column":9}},"13":{"start":{"line":46,"column":12},"end":{"line":46,"column":64}},"14":{"start":{"line":48,"column":12},"end":{"line":48,"column":35}},"15":{"start":{"line":49,"column":12},"end":{"line":49,"column":49}},"16":{"start":{"line":50,"column":12},"end":{"line":50,"column":43}}},"branchMap":{"1":{"line":25,"type":"binary-expr","locations":[{"start":{"line":25,"column":23},"end":{"line":25,"column":62}},{"start":{"line":26,"column":20},"end":{"line":26,"column":70}},{"start":{"line":27,"column":20},"end":{"line":27,"column":71}},{"start":{"line":28,"column":20},"end":{"line":28,"column":29}}]},"2":{"line":30,"type":"binary-expr","locations":[{"start":{"line":30,"column":23},"end":{"line":30,"column":37}},{"start":{"line":31,"column":20},"end":{"line":31,"column":61}},{"start":{"line":32,"column":20},"end":{"line":32,"column":70}},{"start":{"line":33,"column":20},"end":{"line":33,"column":26}}]},"3":{"line":37,"type":"cond-expr","locations":[{"start":{"line":38,"column":14},"end":{"line":38,"column":20}},{"start":{"line":39,"column":14},"end":{"line":39,"column":20}}]},"4":{"line":41,"type":"binary-expr","locations":[{"start":{"line":41,"column":16},"end":{"line":41,"column":44}},{"start":{"line":41,"column":48},"end":{"line":41,"column":53}}]},"5":{"line":45,"type":"if","locations":[{"start":{"line":45,"column":8},"end":{"line":45,"column":8}},{"start":{"line":45,"column":8},"end":{"line":45,"column":8}}]}},"code":["/* istanbul instrument in package npmtest_openid_client */","/*jslint","    bitwise: true,","    browser: true,","    maxerr: 8,","    maxlen: 96,","    node: true,","    nomen: true,","    regexp: true,","    stupid: true","*/","(function () {","    'use strict';","    var local;","","","","    // run shared js-env code - pre-init","    (function () {","        // init local","        local = {};","        // init modeJs","        local.modeJs = (function () {","            try {","                return typeof navigator.userAgent === 'string' &&","                    typeof document.querySelector('body') === 'object' &&","                    typeof XMLHttpRequest.prototype.open === 'function' &&","                    'browser';","            } catch (errorCaughtBrowser) {","                return module.exports &&","                    typeof process.versions.node === 'string' &&","                    typeof require('http').createServer === 'function' &&","                    'node';","            }","        }());","        // init global","        local.global = local.modeJs === 'browser'","            ? window","            : global;","        // init utility2_rollup","        local = local.global.utility2_rollup || local;","        // init lib","        local.local = local.npmtest_openid_client = local;","        // init exports","        if (local.modeJs === 'browser') {","            local.global.utility2_npmtest_openid_client = local;","        } else {","            module.exports = local;","            module.exports.__dirname = __dirname;","            module.exports.module = module;","        }","    }());","}());",""],"l":{"12":2,"14":2,"19":2,"21":2,"23":2,"24":2,"25":2,"30":1,"37":2,"41":2,"43":2,"45":2,"46":1,"48":1,"49":1,"50":1}},"/home/travis/build/npmtest/node-npmtest-openid-client/example.js":{"path":"/home/travis/build/npmtest/node-npmtest-openid-client/example.js","s":{"1":2,"2":2,"3":2,"4":2,"5":2,"6":2,"7":2,"8":1,"9":2,"10":2,"11":2,"12":2,"13":1,"14":2,"15":2,"16":2,"17":2,"18":2,"19":0,"20":2,"21":1,"22":1,"23":1,"24":1,"25":1,"26":0,"27":0,"28":1,"29":1,"30":2,"31":0,"32":0,"33":0,"34":1,"35":2,"36":2,"37":3,"38":3,"39":3,"40":3,"41":0,"42":3,"43":3,"44":3,"45":1,"46":3,"47":1,"48":1,"49":1,"50":1,"51":1,"52":1,"53":1,"54":1,"55":1,"56":1,"57":0,"58":1,"59":6,"60":6,"61":1,"62":2,"63":0,"64":2,"65":1,"66":1,"67":0,"68":0,"69":0,"70":0,"71":0,"72":0,"73":0,"74":0,"75":0,"76":0,"77":0,"78":0,"79":0,"80":0,"81":0,"82":0,"83":0},"b":{"1":[2,1,1,1],"2":[1,1,1,1],"3":[1,1],"4":[2,2],"5":[1,1],"6":[1,1],"7":[2,0],"8":[2,1,1,1,1,1],"9":[0,2,0],"10":[1,1],"11":[2,1,1],"12":[1,0],"13":[0,2],"14":[2,0,0,0,0,0,0],"15":[0,3],"16":[3,0],"17":[1,1],"18":[0,1],"19":[1,2,0,2],"20":[1,0],"21":[1,1],"22":[0,0],"23":[0,0],"24":[0,0],"25":[0,0],"26":[0,0],"27":[0,0],"28":[0,0]},"f":{"1":2,"2":2,"3":2,"4":2,"5":2,"6":2,"7":3,"8":3,"9":3,"10":1,"11":6,"12":0},"fnMap":{"1":{"name":"(anonymous_1)","line":26,"loc":{"start":{"line":26,"column":1},"end":{"line":26,"column":13}}},"2":{"name":"(anonymous_2)","line":33,"loc":{"start":{"line":33,"column":5},"end":{"line":33,"column":17}}},"3":{"name":"(anonymous_3)","line":37,"loc":{"start":{"line":37,"column":24},"end":{"line":37,"column":36}}},"4":{"name":"(anonymous_4)","line":69,"loc":{"start":{"line":69,"column":31},"end":{"line":69,"column":48}},"skip":true},"5":{"name":"(anonymous_5)","line":78,"loc":{"start":{"line":78,"column":26},"end":{"line":78,"column":45}},"skip":true},"6":{"name":"(anonymous_6)","line":123,"loc":{"start":{"line":123,"column":33},"end":{"line":123,"column":48}},"skip":true},"7":{"name":"(anonymous_7)","line":125,"loc":{"start":{"line":125,"column":27},"end":{"line":125,"column":39}},"skip":true},"8":{"name":"(anonymous_8)","line":133,"loc":{"start":{"line":133,"column":59},"end":{"line":133,"column":74}},"skip":true},"9":{"name":"(anonymous_9)","line":143,"loc":{"start":{"line":143,"column":45},"end":{"line":143,"column":62}},"skip":true},"10":{"name":"(anonymous_10)","line":144,"loc":{"start":{"line":144,"column":73},"end":{"line":144,"column":92}},"skip":true},"11":{"name":"(anonymous_11)","line":272,"loc":{"start":{"line":272,"column":51},"end":{"line":272,"column":77}},"skip":true},"12":{"name":"(anonymous_12)","line":315,"loc":{"start":{"line":315,"column":32},"end":{"line":315,"column":61}},"skip":true}},"statementMap":{"1":{"start":{"line":26,"column":0},"end":{"line":326,"column":5}},"2":{"start":{"line":28,"column":4},"end":{"line":28,"column":14}},"3":{"start":{"line":33,"column":4},"end":{"line":60,"column":9}},"4":{"start":{"line":35,"column":8},"end":{"line":35,"column":19}},"5":{"start":{"line":37,"column":8},"end":{"line":49,"column":13}},"6":{"start":{"line":38,"column":12},"end":{"line":48,"column":13}},"7":{"start":{"line":39,"column":16},"end":{"line":42,"column":30}},"8":{"start":{"line":44,"column":16},"end":{"line":47,"column":27}},"9":{"start":{"line":51,"column":8},"end":{"line":53,"column":21}},"10":{"start":{"line":55,"column":8},"end":{"line":57,"column":45}},"11":{"start":{"line":59,"column":8},"end":{"line":59,"column":35}},"12":{"start":{"line":61,"column":4},"end":{"line":325,"column":5}},"13":{"start":{"line":69,"column":8},"end":{"line":121,"column":10},"skip":true},"14":{"start":{"line":70,"column":12},"end":{"line":88,"column":13},"skip":true},"15":{"start":{"line":76,"column":16},"end":{"line":87,"column":19},"skip":true},"16":{"start":{"line":79,"column":20},"end":{"line":86,"column":21},"skip":true},"17":{"start":{"line":82,"column":24},"end":{"line":82,"column":43},"skip":true},"18":{"start":{"line":83,"column":24},"end":{"line":83,"column":30},"skip":true},"19":{"start":{"line":85,"column":24},"end":{"line":85,"column":49},"skip":true},"20":{"start":{"line":89,"column":12},"end":{"line":107,"column":13},"skip":true},"21":{"start":{"line":92,"column":16},"end":{"line":102,"column":17},"skip":true},"22":{"start":{"line":93,"column":20},"end":{"line":93,"column":86},"skip":true},"23":{"start":{"line":94,"column":20},"end":{"line":95,"column":45},"skip":true},"24":{"start":{"line":96,"column":20},"end":{"line":96,"column":42},"skip":true},"25":{"start":{"line":97,"column":20},"end":{"line":97,"column":48},"skip":true},"26":{"start":{"line":100,"column":20},"end":{"line":100,"column":85},"skip":true},"27":{"start":{"line":101,"column":20},"end":{"line":101,"column":96},"skip":true},"28":{"start":{"line":103,"column":16},"end":{"line":103,"column":22},"skip":true},"29":{"start":{"line":106,"column":16},"end":{"line":106,"column":22},"skip":true},"30":{"start":{"line":108,"column":12},"end":{"line":120,"column":13},"skip":true},"31":{"start":{"line":114,"column":16},"end":{"line":119,"column":17},"skip":true},"32":{"start":{"line":116,"column":20},"end":{"line":116,"column":78},"skip":true},"33":{"start":{"line":118,"column":20},"end":{"line":118,"column":47},"skip":true},"34":{"start":{"line":123,"column":8},"end":{"line":141,"column":11},"skip":true},"35":{"start":{"line":124,"column":12},"end":{"line":124,"column":54},"skip":true},"36":{"start":{"line":125,"column":12},"end":{"line":140,"column":14},"skip":true},"37":{"start":{"line":126,"column":16},"end":{"line":126,"column":28},"skip":true},"38":{"start":{"line":127,"column":16},"end":{"line":127,"column":69},"skip":true},"39":{"start":{"line":128,"column":16},"end":{"line":128,"column":75},"skip":true},"40":{"start":{"line":129,"column":16},"end":{"line":131,"column":17},"skip":true},"41":{"start":{"line":130,"column":20},"end":{"line":130,"column":27},"skip":true},"42":{"start":{"line":133,"column":16},"end":{"line":137,"column":36},"skip":true},"43":{"start":{"line":134,"column":20},"end":{"line":136,"column":55},"skip":true},"44":{"start":{"line":139,"column":16},"end":{"line":139,"column":57},"skip":true},"45":{"start":{"line":143,"column":8},"end":{"line":147,"column":11},"skip":true},"46":{"start":{"line":144,"column":12},"end":{"line":146,"column":15},"skip":true},"47":{"start":{"line":145,"column":16},"end":{"line":145,"column":70},"skip":true},"48":{"start":{"line":149,"column":8},"end":{"line":149,"column":31},"skip":true},"49":{"start":{"line":150,"column":8},"end":{"line":150,"column":14},"skip":true},"50":{"start":{"line":158,"column":8},"end":{"line":158,"column":31},"skip":true},"51":{"start":{"line":160,"column":8},"end":{"line":160,"column":33},"skip":true},"52":{"start":{"line":161,"column":8},"end":{"line":161,"column":37},"skip":true},"53":{"start":{"line":162,"column":8},"end":{"line":162,"column":35},"skip":true},"54":{"start":{"line":164,"column":8},"end":{"line":164,"column":50},"skip":true},"55":{"start":{"line":166,"column":8},"end":{"line":256,"column":2},"skip":true},"56":{"start":{"line":258,"column":8},"end":{"line":286,"column":9},"skip":true},"57":{"start":{"line":259,"column":12},"end":{"line":269,"column":14},"skip":true},"58":{"start":{"line":271,"column":12},"end":{"line":285,"column":19},"skip":true},"59":{"start":{"line":274,"column":20},"end":{"line":274,"column":35},"skip":true},"60":{"start":{"line":275,"column":20},"end":{"line":284,"column":21},"skip":true},"61":{"start":{"line":277,"column":24},"end":{"line":277,"column":64},"skip":true},"62":{"start":{"line":279,"column":24},"end":{"line":279,"column":40},"skip":true},"63":{"start":{"line":281,"column":24},"end":{"line":281,"column":40},"skip":true},"64":{"start":{"line":283,"column":24},"end":{"line":283,"column":39},"skip":true},"65":{"start":{"line":288,"column":8},"end":{"line":290,"column":9},"skip":true},"66":{"start":{"line":289,"column":12},"end":{"line":289,"column":18},"skip":true},"67":{"start":{"line":291,"column":8},"end":{"line":293,"column":54},"skip":true},"68":{"start":{"line":296,"column":8},"end":{"line":301,"column":37},"skip":true},"69":{"start":{"line":303,"column":8},"end":{"line":303,"column":82},"skip":true},"70":{"start":{"line":306,"column":8},"end":{"line":308,"column":9},"skip":true},"71":{"start":{"line":307,"column":12},"end":{"line":307,"column":82},"skip":true},"72":{"start":{"line":310,"column":8},"end":{"line":312,"column":9},"skip":true},"73":{"start":{"line":311,"column":12},"end":{"line":311,"column":18},"skip":true},"74":{"start":{"line":313,"column":8},"end":{"line":313,"column":54},"skip":true},"75":{"start":{"line":314,"column":8},"end":{"line":314,"column":69},"skip":true},"76":{"start":{"line":315,"column":8},"end":{"line":323,"column":36},"skip":true},"77":{"start":{"line":316,"column":12},"end":{"line":316,"column":61},"skip":true},"78":{"start":{"line":317,"column":12},"end":{"line":320,"column":13},"skip":true},"79":{"start":{"line":318,"column":16},"end":{"line":318,"column":75},"skip":true},"80":{"start":{"line":319,"column":16},"end":{"line":319,"column":23},"skip":true},"81":{"start":{"line":321,"column":12},"end":{"line":321,"column":38},"skip":true},"82":{"start":{"line":322,"column":12},"end":{"line":322,"column":27},"skip":true},"83":{"start":{"line":324,"column":8},"end":{"line":324,"column":14},"skip":true}},"branchMap":{"1":{"line":39,"type":"binary-expr","locations":[{"start":{"line":39,"column":23},"end":{"line":39,"column":62}},{"start":{"line":40,"column":20},"end":{"line":40,"column":70}},{"start":{"line":41,"column":20},"end":{"line":41,"column":71}},{"start":{"line":42,"column":20},"end":{"line":42,"column":29}}]},"2":{"line":44,"type":"binary-expr","locations":[{"start":{"line":44,"column":23},"end":{"line":44,"column":37}},{"start":{"line":45,"column":20},"end":{"line":45,"column":61}},{"start":{"line":46,"column":20},"end":{"line":46,"column":70}},{"start":{"line":47,"column":20},"end":{"line":47,"column":26}}]},"3":{"line":51,"type":"cond-expr","locations":[{"start":{"line":52,"column":14},"end":{"line":52,"column":20}},{"start":{"line":53,"column":14},"end":{"line":53,"column":20}}]},"4":{"line":55,"type":"binary-expr","locations":[{"start":{"line":55,"column":16},"end":{"line":55,"column":44}},{"start":{"line":55,"column":49},"end":{"line":57,"column":43}}]},"5":{"line":55,"type":"cond-expr","locations":[{"start":{"line":56,"column":14},"end":{"line":56,"column":57}},{"start":{"line":57,"column":14},"end":{"line":57,"column":43}}]},"6":{"line":61,"type":"switch","locations":[{"start":{"line":68,"column":4},"end":{"line":150,"column":14},"skip":true},{"start":{"line":156,"column":4},"end":{"line":324,"column":14},"skip":true}]},"7":{"line":70,"type":"if","locations":[{"start":{"line":70,"column":12},"end":{"line":70,"column":12},"skip":true},{"start":{"line":70,"column":12},"end":{"line":70,"column":12},"skip":true}]},"8":{"line":70,"type":"binary-expr","locations":[{"start":{"line":70,"column":16},"end":{"line":70,"column":22},"skip":true},{"start":{"line":70,"column":27},"end":{"line":70,"column":32},"skip":true},{"start":{"line":71,"column":20},"end":{"line":71,"column":39},"skip":true},{"start":{"line":72,"column":20},"end":{"line":72,"column":49},"skip":true},{"start":{"line":73,"column":20},"end":{"line":73,"column":58},"skip":true},{"start":{"line":74,"column":20},"end":{"line":74,"column":69},"skip":true}]},"9":{"line":79,"type":"switch","locations":[{"start":{"line":80,"column":20},"end":{"line":80,"column":33},"skip":true},{"start":{"line":81,"column":20},"end":{"line":83,"column":30},"skip":true},{"start":{"line":84,"column":20},"end":{"line":85,"column":49},"skip":true}]},"10":{"line":89,"type":"switch","locations":[{"start":{"line":90,"column":12},"end":{"line":103,"column":22},"skip":true},{"start":{"line":105,"column":12},"end":{"line":106,"column":22},"skip":true}]},"11":{"line":89,"type":"binary-expr","locations":[{"start":{"line":89,"column":20},"end":{"line":89,"column":25},"skip":true},{"start":{"line":89,"column":29},"end":{"line":89,"column":48},"skip":true},{"start":{"line":89,"column":52},"end":{"line":89,"column":74},"skip":true}]},"12":{"line":92,"type":"if","locations":[{"start":{"line":92,"column":16},"end":{"line":92,"column":16},"skip":true},{"start":{"line":92,"column":16},"end":{"line":92,"column":16},"skip":true}]},"13":{"line":108,"type":"if","locations":[{"start":{"line":108,"column":12},"end":{"line":108,"column":12},"skip":true},{"start":{"line":108,"column":12},"end":{"line":108,"column":12},"skip":true}]},"14":{"line":108,"type":"binary-expr","locations":[{"start":{"line":108,"column":16},"end":{"line":108,"column":61},"skip":true},{"start":{"line":108,"column":66},"end":{"line":108,"column":72},"skip":true},{"start":{"line":108,"column":77},"end":{"line":108,"column":82},"skip":true},{"start":{"line":109,"column":20},"end":{"line":109,"column":39},"skip":true},{"start":{"line":110,"column":20},"end":{"line":110,"column":49},"skip":true},{"start":{"line":111,"column":20},"end":{"line":111,"column":58},"skip":true},{"start":{"line":112,"column":20},"end":{"line":112,"column":68},"skip":true}]},"15":{"line":129,"type":"if","locations":[{"start":{"line":129,"column":16},"end":{"line":129,"column":16},"skip":true},{"start":{"line":129,"column":16},"end":{"line":129,"column":16},"skip":true}]},"16":{"line":134,"type":"cond-expr","locations":[{"start":{"line":135,"column":26},"end":{"line":135,"column":29},"skip":true},{"start":{"line":136,"column":26},"end":{"line":136,"column":54},"skip":true}]},"17":{"line":164,"type":"binary-expr","locations":[{"start":{"line":164,"column":27},"end":{"line":164,"column":43},"skip":true},{"start":{"line":164,"column":47},"end":{"line":164,"column":49},"skip":true}]},"18":{"line":258,"type":"if","locations":[{"start":{"line":258,"column":8},"end":{"line":258,"column":8},"skip":true},{"start":{"line":258,"column":8},"end":{"line":258,"column":8},"skip":true}]},"19":{"line":275,"type":"switch","locations":[{"start":{"line":276,"column":20},"end":{"line":277,"column":64},"skip":true},{"start":{"line":278,"column":20},"end":{"line":279,"column":40},"skip":true},{"start":{"line":280,"column":20},"end":{"line":281,"column":40},"skip":true},{"start":{"line":282,"column":20},"end":{"line":283,"column":39},"skip":true}]},"20":{"line":288,"type":"if","locations":[{"start":{"line":288,"column":8},"end":{"line":288,"column":8},"skip":true},{"start":{"line":288,"column":8},"end":{"line":288,"column":8},"skip":true}]},"21":{"line":288,"type":"binary-expr","locations":[{"start":{"line":288,"column":12},"end":{"line":288,"column":40},"skip":true},{"start":{"line":288,"column":44},"end":{"line":288,"column":67},"skip":true}]},"22":{"line":292,"type":"binary-expr","locations":[{"start":{"line":292,"column":12},"end":{"line":292,"column":50},"skip":true},{"start":{"line":293,"column":12},"end":{"line":293,"column":53},"skip":true}]},"23":{"line":297,"type":"binary-expr","locations":[{"start":{"line":297,"column":12},"end":{"line":297,"column":71},"skip":true},{"start":{"line":298,"column":12},"end":{"line":301,"column":36},"skip":true}]},"24":{"line":303,"type":"binary-expr","locations":[{"start":{"line":303,"column":43},"end":{"line":303,"column":75},"skip":true},{"start":{"line":303,"column":79},"end":{"line":303,"column":81},"skip":true}]},"25":{"line":306,"type":"if","locations":[{"start":{"line":306,"column":8},"end":{"line":306,"column":8},"skip":true},{"start":{"line":306,"column":8},"end":{"line":306,"column":8},"skip":true}]},"26":{"line":310,"type":"if","locations":[{"start":{"line":310,"column":8},"end":{"line":310,"column":8},"skip":true},{"start":{"line":310,"column":8},"end":{"line":310,"column":8},"skip":true}]},"27":{"line":313,"type":"binary-expr","locations":[{"start":{"line":313,"column":27},"end":{"line":313,"column":43},"skip":true},{"start":{"line":313,"column":47},"end":{"line":313,"column":53},"skip":true}]},"28":{"line":317,"type":"if","locations":[{"start":{"line":317,"column":12},"end":{"line":317,"column":12},"skip":true},{"start":{"line":317,"column":12},"end":{"line":317,"column":12},"skip":true}]}},"code":["/*","example.js","","quickstart example","","instruction","    1. save this script as example.js","    2. run the shell command:","        $ npm install npmtest-openid-client && PORT=8081 node example.js","    3. play with the browser-demo on http://127.0.0.1:8081","*/","","","","/* istanbul instrument in package npmtest_openid_client */","/*jslint","    bitwise: true,","    browser: true,","    maxerr: 8,","    maxlen: 96,","    node: true,","    nomen: true,","    regexp: true,","    stupid: true","*/","(function () {","    'use strict';","    var local;","","","","    // run shared js-env code - pre-init","    (function () {","        // init local","        local = {};","        // init modeJs","        local.modeJs = (function () {","            try {","                return typeof navigator.userAgent === 'string' &&","                    typeof document.querySelector('body') === 'object' &&","                    typeof XMLHttpRequest.prototype.open === 'function' &&","                    'browser';","            } catch (errorCaughtBrowser) {","                return module.exports &&","                    typeof process.versions.node === 'string' &&","                    typeof require('http').createServer === 'function' &&","                    'node';","            }","        }());","        // init global","        local.global = local.modeJs === 'browser'","            ? window","            : global;","        // init utility2_rollup","        local = local.global.utility2_rollup || (local.modeJs === 'browser'","            ? local.global.utility2_npmtest_openid_client","            : global.utility2_moduleExports);","        // export local","        local.global.local = local;","    }());","    switch (local.modeJs) {","","","","    // post-init","    // run browser js-env code - post-init","    /* istanbul ignore next */","    case 'browser':","        local.testRunBrowser = function (event) {","            if (!event || (event &&","                    event.currentTarget &&","                    event.currentTarget.className &&","                    event.currentTarget.className.includes &&","                    event.currentTarget.className.includes('onreset'))) {","                // reset output","                Array.from(","                    document.querySelectorAll('body > .resettable')","                ).forEach(function (element) {","                    switch (element.tagName) {","                    case 'INPUT':","                    case 'TEXTAREA':","                        element.value = '';","                        break;","                    default:","                        element.textContent = '';","                    }","                });","            }","            switch (event && event.currentTarget && event.currentTarget.id) {","            case 'testRunButton1':","                // show tests","                if (document.querySelector('#testReportDiv1').style.display === 'none') {","                    document.querySelector('#testReportDiv1').style.display = 'block';","                    document.querySelector('#testRunButton1').textContent =","                        'hide internal test';","                    local.modeTest = true;","                    local.testRunDefault(local);","                // hide tests","                } else {","                    document.querySelector('#testReportDiv1').style.display = 'none';","                    document.querySelector('#testRunButton1').textContent = 'run internal test';","                }","                break;","            // custom-case","            default:","                break;","            }","            if (document.querySelector('#inputTextareaEval1') && (!event || (event &&","                    event.currentTarget &&","                    event.currentTarget.className &&","                    event.currentTarget.className.includes &&","                    event.currentTarget.className.includes('oneval')))) {","                // try to eval input-code","                try {","                    /*jslint evil: true*/","                    eval(document.querySelector('#inputTextareaEval1').value);","                } catch (errorCaught) {","                    console.error(errorCaught);","                }","            }","        };","        // log stderr and stdout to #outputTextareaStdout1","        ['error', 'log'].forEach(function (key) {","            console[key + '_original'] = console[key];","            console[key] = function () {","                var element;","                console[key + '_original'].apply(console, arguments);","                element = document.querySelector('#outputTextareaStdout1');","                if (!element) {","                    return;","                }","                // append text to #outputTextareaStdout1","                element.value += Array.from(arguments).map(function (arg) {","                    return typeof arg === 'string'","                        ? arg","                        : JSON.stringify(arg, null, 4);","                }).join(' ') + '\\n';","                // scroll textarea to bottom","                element.scrollTop = element.scrollHeight;","            };","        });","        // init event-handling","        ['change', 'click', 'keyup'].forEach(function (event) {","            Array.from(document.querySelectorAll('.on' + event)).forEach(function (element) {","                element.addEventListener(event, local.testRunBrowser);","            });","        });","        // run tests","        local.testRunBrowser();","        break;","","","","    // run node js-env code - post-init","    /* istanbul ignore next */","    case 'node':","        // export local","        module.exports = local;","        // require modules","        local.fs = require('fs');","        local.http = require('http');","        local.url = require('url');","        // init assets","        local.assetsDict = local.assetsDict || {};","        /* jslint-ignore-begin */","        local.assetsDict['/assets.index.template.html'] = '\\","<!doctype html>\\n\\","<html lang=\"en\">\\n\\","<head>\\n\\","<meta charset=\"UTF-8\">\\n\\","<meta name=\"viewport\" content=\"width=device-width, initial-scale=1\">\\n\\","<title>{{env.npm_package_name}} (v{{env.npm_package_version}})</title>\\n\\","<style>\\n\\","/*csslint\\n\\","    box-sizing: false,\\n\\","    universal-selector: false\\n\\","*/\\n\\","* {\\n\\","    box-sizing: border-box;\\n\\","}\\n\\","body {\\n\\","    background: #dde;\\n\\","    font-family: Arial, Helvetica, sans-serif;\\n\\","    margin: 2rem;\\n\\","}\\n\\","body > * {\\n\\","    margin-bottom: 1rem;\\n\\","}\\n\\",".utility2FooterDiv {\\n\\","    margin-top: 20px;\\n\\","    text-align: center;\\n\\","}\\n\\","</style>\\n\\","<style>\\n\\","/*csslint\\n\\","*/\\n\\","textarea {\\n\\","    font-family: monospace;\\n\\","    height: 10rem;\\n\\","    width: 100%;\\n\\","}\\n\\","textarea[readonly] {\\n\\","    background: #ddd;\\n\\","}\\n\\","</style>\\n\\","</head>\\n\\","<body>\\n\\","<!-- utility2-comment\\n\\","<div id=\"ajaxProgressDiv1\" style=\"background: #d00; height: 2px; left: 0; margin: 0; padding: 0; position: fixed; top: 0; transition: background 0.5s, width 1.5s; width: 25%;\"></div>\\n\\","utility2-comment -->\\n\\","<h1>\\n\\","<!-- utility2-comment\\n\\","    <a\\n\\","        {{#if env.npm_package_homepage}}\\n\\","        href=\"{{env.npm_package_homepage}}\"\\n\\","        {{/if env.npm_package_homepage}}\\n\\","        target=\"_blank\"\\n\\","    >\\n\\","utility2-comment -->\\n\\","        {{env.npm_package_name}} (v{{env.npm_package_version}})\\n\\","<!-- utility2-comment\\n\\","    </a>\\n\\","utility2-comment -->\\n\\","</h1>\\n\\","<h3>{{env.npm_package_description}}</h3>\\n\\","<!-- utility2-comment\\n\\","<h4><a download href=\"assets.app.js\">download standalone app</a></h4>\\n\\","<button class=\"onclick onreset\" id=\"testRunButton1\">run internal test</button><br>\\n\\","<div id=\"testReportDiv1\" style=\"display: none;\"></div>\\n\\","utility2-comment -->\\n\\","\\n\\","\\n\\","\\n\\","<label>stderr and stdout</label>\\n\\","<textarea class=\"resettable\" id=\"outputTextareaStdout1\" readonly></textarea>\\n\\","<!-- utility2-comment\\n\\","{{#if isRollup}}\\n\\","<script src=\"assets.app.js\"></script>\\n\\","{{#unless isRollup}}\\n\\","utility2-comment -->\\n\\","<script src=\"assets.utility2.rollup.js\"></script>\\n\\","<script src=\"jsonp.utility2._stateInit?callback=window.utility2._stateInit\"></script>\\n\\","<script src=\"assets.npmtest_openid_client.rollup.js\"></script>\\n\\","<script src=\"assets.example.js\"></script>\\n\\","<script src=\"assets.test.js\"></script>\\n\\","<!-- utility2-comment\\n\\","{{/if isRollup}}\\n\\","utility2-comment -->\\n\\","<div class=\"utility2FooterDiv\">\\n\\","    [ this app was created with\\n\\","    <a href=\"https://github.com/kaizhu256/node-utility2\" target=\"_blank\">utility2</a>\\n\\","    ]\\n\\","</div>\\n\\","</body>\\n\\","</html>\\n\\","';","        /* jslint-ignore-end */","        if (local.templateRender) {","            local.assetsDict['/'] = local.templateRender(","                local.assetsDict['/assets.index.template.html'],","                {","                    env: local.objectSetDefault(local.env, {","                        npm_package_description: 'the greatest app in the world!',","                        npm_package_name: 'my-app',","                        npm_package_nameAlias: 'my_app',","                        npm_package_version: '0.0.1'","                    })","                }","            );","        } else {","            local.assetsDict['/'] = local.assetsDict['/assets.index.template.html']","                .replace((/\\{\\{env\\.(\\w+?)\\}\\}/g), function (match0, match1) {","                    // jslint-hack","                    String(match0);","                    switch (match1) {","                    case 'npm_package_description':","                        return 'the greatest app in the world!';","                    case 'npm_package_name':","                        return 'my-app';","                    case 'npm_package_nameAlias':","                        return 'my_app';","                    case 'npm_package_version':","                        return '0.0.1';","                    }","                });","        }","        // run the cli","        if (local.global.utility2_rollup || module !== require.main) {","            break;","        }","        local.assetsDict['/assets.example.js'] =","            local.assetsDict['/assets.example.js'] ||","            local.fs.readFileSync(__filename, 'utf8');","        // bug-workaround - long $npm_package_buildCustomOrg","        /* jslint-ignore-begin */","        local.assetsDict['/assets.npmtest_openid_client.rollup.js'] =","            local.assetsDict['/assets.npmtest_openid_client.rollup.js'] ||","            local.fs.readFileSync(","                local.npmtest_openid_client.__dirname + '/lib.npmtest_openid_client.js',","                'utf8'","            ).replace((/^#!/), '//');","        /* jslint-ignore-end */","        local.assetsDict['/favicon.ico'] = local.assetsDict['/favicon.ico'] || '';","        // if $npm_config_timeout_exit exists,","        // then exit this process after $npm_config_timeout_exit ms","        if (Number(process.env.npm_config_timeout_exit)) {","            setTimeout(process.exit, Number(process.env.npm_config_timeout_exit));","        }","        // start server","        if (local.global.utility2_serverHttp1) {","            break;","        }","        process.env.PORT = process.env.PORT || '8081';","        console.error('server starting on port ' + process.env.PORT);","        local.http.createServer(function (request, response) {","            request.urlParsed = local.url.parse(request.url);","            if (local.assetsDict[request.urlParsed.pathname] !== undefined) {","                response.end(local.assetsDict[request.urlParsed.pathname]);","                return;","            }","            response.statusCode = 404;","            response.end();","        }).listen(process.env.PORT);","        break;","    }","}());",""],"l":{"26":2,"28":2,"33":2,"35":2,"37":2,"38":2,"39":2,"44":1,"51":2,"55":2,"59":2,"61":2,"69":1,"70":2,"76":2,"79":2,"82":2,"83":2,"85":1,"89":2,"92":1,"93":1,"94":1,"96":1,"97":1,"100":1,"101":1,"103":1,"106":1,"108":2,"114":1,"116":1,"118":1,"123":1,"124":2,"125":2,"126":3,"127":3,"128":3,"129":3,"130":1,"133":3,"134":3,"139":3,"143":1,"144":3,"145":1,"149":1,"150":1,"158":1,"160":1,"161":1,"162":1,"164":1,"166":1,"258":1,"259":1,"271":1,"274":6,"275":6,"277":1,"279":2,"281":1,"283":2,"288":1,"289":1,"291":1,"296":1,"303":1,"306":1,"307":1,"310":1,"311":1,"313":1,"314":1,"315":1,"316":1,"317":1,"318":1,"319":1,"321":1,"322":1,"324":1}},"/home/travis/build/npmtest/node-npmtest-openid-client/node_modules/openid-client/lib/index.js":{"path":"/home/travis/build/npmtest/node-npmtest-openid-client/node_modules/openid-client/lib/index.js","s":{"1":1,"2":1,"3":1,"4":1,"5":1},"b":{},"f":{},"fnMap":{},"statementMap":{"1":{"start":{"line":3,"column":0},"end":{"line":3,"column":35}},"2":{"start":{"line":4,"column":0},"end":{"line":4,"column":46}},"3":{"start":{"line":5,"column":0},"end":{"line":5,"column":48}},"4":{"start":{"line":6,"column":0},"end":{"line":6,"column":40}},"5":{"start":{"line":8,"column":0},"end":{"line":13,"column":2}}},"branchMap":{},"code":["'use strict';","","const Issuer = require('./issuer');","const Registry = require('./issuer_registry');","const Strategy = require('./passport_strategy');","const TokenSet = require('./token_set');","","module.exports = {","  Issuer,","  Registry,","  Strategy,","  TokenSet,","};",""],"l":{"3":1,"4":1,"5":1,"6":1,"8":1}},"/home/travis/build/npmtest/node-npmtest-openid-client/node_modules/openid-client/lib/issuer.js":{"path":"/home/travis/build/npmtest/node-npmtest-openid-client/node_modules/openid-client/lib/issuer.js","s":{"1":1,"2":1,"3":1,"4":1,"5":1,"6":1,"7":1,"8":1,"9":1,"10":1,"11":1,"12":1,"13":1,"14":1,"15":1,"16":1,"17":1,"18":1,"19":1,"20":1,"21":0,"22":0,"23":0,"24":1,"25":0,"26":0,"27":0,"28":0,"29":0,"30":0,"31":0,"32":0,"33":0,"34":0,"35":0,"36":0,"37":0,"38":0,"39":0,"40":0,"41":0,"42":0,"43":0,"44":0,"45":0,"46":0,"47":0,"48":0,"49":0,"50":0,"51":0,"52":0,"53":0,"54":0,"55":0,"56":0,"57":0,"58":0,"59":0,"60":0,"61":0,"62":0,"63":0,"64":0,"65":0,"66":0,"67":0,"68":0,"69":0,"70":0,"71":0,"72":0,"73":0,"74":0,"75":0,"76":0,"77":0,"78":0,"79":0,"80":0,"81":0,"82":0,"83":0,"84":0,"85":0,"86":0,"87":0,"88":0,"89":0,"90":0,"91":0,"92":0,"93":0,"94":0,"95":0,"96":0,"97":1},"b":{"1":[0,0],"2":[0,0],"3":[0,0],"4":[0,0],"5":[0,0],"6":[0,0],"7":[0,0],"8":[0,0],"9":[0,0],"10":[0,0],"11":[0,0],"12":[0,0],"13":[0,0],"14":[0,0,0],"15":[0,0],"16":[0,0],"17":[0,0]},"f":{"1":0,"2":0,"3":0,"4":0,"5":0,"6":0,"7":0,"8":0,"9":0,"10":0,"11":0,"12":0,"13":0,"14":0,"15":0,"16":0},"fnMap":{"1":{"name":"instance","line":27,"loc":{"start":{"line":27,"column":0},"end":{"line":27,"column":23}}},"2":{"name":"stripTrailingSlash","line":32,"loc":{"start":{"line":32,"column":0},"end":{"line":32,"column":33}}},"3":{"name":"(anonymous_3)","line":44,"loc":{"start":{"line":44,"column":13},"end":{"line":44,"column":24}}},"4":{"name":"(anonymous_4)","line":59,"loc":{"start":{"line":59,"column":13},"end":{"line":59,"column":16}}},"5":{"name":"(anonymous_5)","line":72,"loc":{"start":{"line":72,"column":25},"end":{"line":72,"column":28}}},"6":{"name":"(anonymous_6)","line":76,"loc":{"start":{"line":76,"column":18},"end":{"line":76,"column":21}}},"7":{"name":"(anonymous_7)","line":87,"loc":{"start":{"line":87,"column":9},"end":{"line":87,"column":12}}},"8":{"name":"(anonymous_8)","line":95,"loc":{"start":{"line":95,"column":10},"end":{"line":95,"column":19}}},"9":{"name":"(anonymous_9)","line":122,"loc":{"start":{"line":122,"column":5},"end":{"line":122,"column":23}}},"10":{"name":"(anonymous_10)","line":144,"loc":{"start":{"line":144,"column":14},"end":{"line":144,"column":17}}},"11":{"name":"(anonymous_11)","line":152,"loc":{"start":{"line":152,"column":18},"end":{"line":152,"column":26}}},"12":{"name":"(anonymous_12)","line":185,"loc":{"start":{"line":185,"column":17},"end":{"line":185,"column":23}}},"13":{"name":"(anonymous_13)","line":200,"loc":{"start":{"line":200,"column":13},"end":{"line":200,"column":16}}},"14":{"name":"(anonymous_14)","line":208,"loc":{"start":{"line":208,"column":20},"end":{"line":208,"column":29}}},"15":{"name":"(anonymous_15)","line":216,"loc":{"start":{"line":216,"column":31},"end":{"line":216,"column":34}}},"16":{"name":"(anonymous_16)","line":224,"loc":{"start":{"line":224,"column":31},"end":{"line":224,"column":39}}}},"statementMap":{"1":{"start":{"line":3,"column":0},"end":{"line":3,"column":34}},"2":{"start":{"line":4,"column":0},"end":{"line":4,"column":33}},"3":{"start":{"line":5,"column":0},"end":{"line":5,"column":29}},"4":{"start":{"line":6,"column":0},"end":{"line":6,"column":27}},"5":{"start":{"line":7,"column":0},"end":{"line":7,"column":28}},"6":{"start":{"line":8,"column":0},"end":{"line":8,"column":33}},"7":{"start":{"line":9,"column":0},"end":{"line":9,"column":27}},"8":{"start":{"line":11,"column":0},"end":{"line":11,"column":70}},"9":{"start":{"line":12,"column":0},"end":{"line":12,"column":60}},"10":{"start":{"line":13,"column":0},"end":{"line":13,"column":48}},"11":{"start":{"line":14,"column":0},"end":{"line":14,"column":48}},"12":{"start":{"line":15,"column":0},"end":{"line":15,"column":36}},"13":{"start":{"line":17,"column":0},"end":{"line":17,"column":48}},"14":{"start":{"line":18,"column":0},"end":{"line":18,"column":39}},"15":{"start":{"line":19,"column":0},"end":{"line":19,"column":46}},"16":{"start":{"line":20,"column":0},"end":{"line":20,"column":52}},"17":{"start":{"line":21,"column":0},"end":{"line":21,"column":60}},"18":{"start":{"line":23,"column":0},"end":{"line":23,"column":35}},"19":{"start":{"line":25,"column":0},"end":{"line":25,"column":55}},"20":{"start":{"line":27,"column":0},"end":{"line":30,"column":1}},"21":{"start":{"line":28,"column":2},"end":{"line":28,"column":70}},"22":{"start":{"line":28,"column":30},"end":{"line":28,"column":70}},"23":{"start":{"line":29,"column":2},"end":{"line":29,"column":31}},"24":{"start":{"line":32,"column":0},"end":{"line":37,"column":1}},"25":{"start":{"line":33,"column":2},"end":{"line":35,"column":3}},"26":{"start":{"line":34,"column":4},"end":{"line":34,"column":28}},"27":{"start":{"line":36,"column":2},"end":{"line":36,"column":13}},"28":{"start":{"line":45,"column":4},"end":{"line":45,"column":68}},"29":{"start":{"line":47,"column":4},"end":{"line":49,"column":5}},"30":{"start":{"line":48,"column":6},"end":{"line":48,"column":82}},"31":{"start":{"line":51,"column":4},"end":{"line":53,"column":5}},"32":{"start":{"line":52,"column":6},"end":{"line":52,"column":76}},"33":{"start":{"line":55,"column":4},"end":{"line":62,"column":7}},"34":{"start":{"line":56,"column":6},"end":{"line":56,"column":43}},"35":{"start":{"line":57,"column":6},"end":{"line":61,"column":7}},"36":{"start":{"line":58,"column":8},"end":{"line":60,"column":11}},"37":{"start":{"line":59,"column":18},"end":{"line":59,"column":54}},"38":{"start":{"line":64,"column":4},"end":{"line":64,"column":49}},"39":{"start":{"line":66,"column":4},"end":{"line":66,"column":36}},"40":{"start":{"line":68,"column":4},"end":{"line":68,"column":22}},"41":{"start":{"line":70,"column":4},"end":{"line":80,"column":7}},"42":{"start":{"line":73,"column":10},"end":{"line":73,"column":22}},"43":{"start":{"line":77,"column":10},"end":{"line":77,"column":41}},"44":{"start":{"line":88,"column":4},"end":{"line":88,"column":51}},"45":{"start":{"line":96,"column":4},"end":{"line":96,"column":88}},"46":{"start":{"line":96,"column":24},"end":{"line":96,"column":88}},"47":{"start":{"line":98,"column":4},"end":{"line":98,"column":45}},"48":{"start":{"line":99,"column":4},"end":{"line":99,"column":45}},"49":{"start":{"line":101,"column":4},"end":{"line":113,"column":5}},"50":{"start":{"line":102,"column":6},"end":{"line":102,"column":26}},"51":{"start":{"line":103,"column":6},"end":{"line":112,"column":29}},"52":{"start":{"line":105,"column":26},"end":{"line":105,"column":51}},"53":{"start":{"line":106,"column":22},"end":{"line":106,"column":47}},"54":{"start":{"line":108,"column":10},"end":{"line":108,"column":55}},"55":{"start":{"line":109,"column":10},"end":{"line":109,"column":49}},"56":{"start":{"line":110,"column":10},"end":{"line":110,"column":30}},"57":{"start":{"line":115,"column":4},"end":{"line":115,"column":37}},"58":{"start":{"line":123,"column":4},"end":{"line":123,"column":45}},"59":{"start":{"line":126,"column":4},"end":{"line":126,"column":77}},"60":{"start":{"line":128,"column":4},"end":{"line":137,"column":9}},"61":{"start":{"line":129,"column":21},"end":{"line":129,"column":35}},"62":{"start":{"line":131,"column":8},"end":{"line":131,"column":50}},"63":{"start":{"line":132,"column":8},"end":{"line":135,"column":9}},"64":{"start":{"line":133,"column":10},"end":{"line":133,"column":87}},"65":{"start":{"line":134,"column":10},"end":{"line":134,"column":37}},"66":{"start":{"line":136,"column":8},"end":{"line":136,"column":23}},"67":{"start":{"line":145,"column":4},"end":{"line":145,"column":35}},"68":{"start":{"line":153,"column":4},"end":{"line":153,"column":47}},"69":{"start":{"line":154,"column":4},"end":{"line":154,"column":42}},"70":{"start":{"line":155,"column":4},"end":{"line":155,"column":41}},"71":{"start":{"line":156,"column":4},"end":{"line":156,"column":49}},"72":{"start":{"line":157,"column":4},"end":{"line":157,"column":55}},"73":{"start":{"line":159,"column":4},"end":{"line":178,"column":9}},"74":{"start":{"line":161,"column":24},"end":{"line":161,"column":49}},"75":{"start":{"line":163,"column":8},"end":{"line":163,"column":111}},"76":{"start":{"line":163,"column":52},"end":{"line":163,"column":109}},"77":{"start":{"line":164,"column":8},"end":{"line":164,"column":57}},"78":{"start":{"line":165,"column":8},"end":{"line":165,"column":117}},"79":{"start":{"line":166,"column":8},"end":{"line":166,"column":45}},"80":{"start":{"line":167,"column":8},"end":{"line":167,"column":78}},"81":{"start":{"line":167,"column":42},"end":{"line":167,"column":78}},"82":{"start":{"line":169,"column":8},"end":{"line":177,"column":11}},"83":{"start":{"line":170,"column":10},"end":{"line":175,"column":11}},"84":{"start":{"line":171,"column":12},"end":{"line":171,"column":86}},"85":{"start":{"line":173,"column":12},"end":{"line":173,"column":43}},"86":{"start":{"line":174,"column":12},"end":{"line":174,"column":22}},"87":{"start":{"line":176,"column":10},"end":{"line":176,"column":24}},"88":{"start":{"line":186,"column":4},"end":{"line":186,"column":34}},"89":{"start":{"line":187,"column":4},"end":{"line":187,"column":48}},"90":{"start":{"line":188,"column":4},"end":{"line":188,"column":66}},"91":{"start":{"line":190,"column":4},"end":{"line":193,"column":27}},"92":{"start":{"line":192,"column":24},"end":{"line":192,"column":59}},"93":{"start":{"line":201,"column":4},"end":{"line":201,"column":75}},"94":{"start":{"line":209,"column":4},"end":{"line":209,"column":56}},"95":{"start":{"line":217,"column":4},"end":{"line":217,"column":30}},"96":{"start":{"line":225,"column":4},"end":{"line":225,"column":66}},"97":{"start":{"line":230,"column":0},"end":{"line":230,"column":24}}},"branchMap":{"1":{"line":28,"type":"if","locations":[{"start":{"line":28,"column":2},"end":{"line":28,"column":2}},{"start":{"line":28,"column":2},"end":{"line":28,"column":2}}]},"2":{"line":33,"type":"if","locations":[{"start":{"line":33,"column":2},"end":{"line":33,"column":2}},{"start":{"line":33,"column":2},"end":{"line":33,"column":2}}]},"3":{"line":33,"type":"binary-expr","locations":[{"start":{"line":33,"column":6},"end":{"line":33,"column":9}},{"start":{"line":33,"column":13},"end":{"line":33,"column":30}}]},"4":{"line":47,"type":"if","locations":[{"start":{"line":47,"column":4},"end":{"line":47,"column":4}},{"start":{"line":47,"column":4},"end":{"line":47,"column":4}}]},"5":{"line":47,"type":"binary-expr","locations":[{"start":{"line":47,"column":8},"end":{"line":47,"column":42}},{"start":{"line":47,"column":46},"end":{"line":47,"column":85}}]},"6":{"line":51,"type":"if","locations":[{"start":{"line":51,"column":4},"end":{"line":51,"column":4}},{"start":{"line":51,"column":4},"end":{"line":51,"column":4}}]},"7":{"line":51,"type":"binary-expr","locations":[{"start":{"line":51,"column":8},"end":{"line":51,"column":39}},{"start":{"line":51,"column":43},"end":{"line":51,"column":79}}]},"8":{"line":57,"type":"if","locations":[{"start":{"line":57,"column":6},"end":{"line":57,"column":6}},{"start":{"line":57,"column":6},"end":{"line":57,"column":6}}]},"9":{"line":96,"type":"if","locations":[{"start":{"line":96,"column":4},"end":{"line":96,"column":4}},{"start":{"line":96,"column":4},"end":{"line":96,"column":4}}]},"10":{"line":101,"type":"if","locations":[{"start":{"line":101,"column":4},"end":{"line":101,"column":4}},{"start":{"line":101,"column":4},"end":{"line":101,"column":4}}]},"11":{"line":101,"type":"binary-expr","locations":[{"start":{"line":101,"column":8},"end":{"line":101,"column":14}},{"start":{"line":101,"column":18},"end":{"line":101,"column":27}}]},"12":{"line":126,"type":"binary-expr","locations":[{"start":{"line":126,"column":25},"end":{"line":126,"column":45}},{"start":{"line":126,"column":49},"end":{"line":126,"column":76}}]},"13":{"line":132,"type":"if","locations":[{"start":{"line":132,"column":8},"end":{"line":132,"column":8}},{"start":{"line":132,"column":8},"end":{"line":132,"column":8}}]},"14":{"line":163,"type":"binary-expr","locations":[{"start":{"line":163,"column":52},"end":{"line":163,"column":76}},{"start":{"line":163,"column":80},"end":{"line":163,"column":96}},{"start":{"line":163,"column":100},"end":{"line":163,"column":109}}]},"15":{"line":165,"type":"binary-expr","locations":[{"start":{"line":165,"column":15},"end":{"line":165,"column":48}},{"start":{"line":165,"column":52},"end":{"line":165,"column":88}}]},"16":{"line":167,"type":"if","locations":[{"start":{"line":167,"column":8},"end":{"line":167,"column":8}},{"start":{"line":167,"column":8},"end":{"line":167,"column":8}}]},"17":{"line":188,"type":"cond-expr","locations":[{"start":{"line":188,"column":39},"end":{"line":188,"column":42}},{"start":{"line":188,"column":45},"end":{"line":188,"column":65}}]}},"code":["'use strict';","","const jose = require('node-jose');","const assert = require('assert');","const util = require('util');","const url = require('url');","const _ = require('lodash');","const LRU = require('lru-cache');","const got = require('got');","","const DEFAULT_HTTP_OPTIONS = require('./consts').DEFAULT_HTTP_OPTIONS;","const ISSUER_DEFAULTS = require('./consts').ISSUER_DEFAULTS;","const DISCOVERY = require('./consts').DISCOVERY;","const WEBFINGER = require('./consts').WEBFINGER;","const REL = require('./consts').REL;","","const errorHandler = require('./error_handler');","const BaseClient = require('./client');","const registry = require('./issuer_registry');","const expectResponse = require('./expect_response');","const webfingerNormalize = require('./webfinger_normalize');","","const privateProps = new WeakMap();","","let defaultHttpOptions = _.clone(DEFAULT_HTTP_OPTIONS);","","function instance(ctx) {","  if (!privateProps.has(ctx)) privateProps.set(ctx, { metadata: {} });","  return privateProps.get(ctx);","}","","function stripTrailingSlash(uri) {","  if (uri && uri.endsWith('/')) {","    return uri.slice(0, -1);","  }","  return uri;","}","","class Issuer {","  /**","   * @name constructor","   * @api public","   */","  constructor(metadata) {","    const properties = Object.assign({}, ISSUER_DEFAULTS, metadata);","","    if (!properties.introspection_endpoint && properties.token_introspection_endpoint) {","      properties.introspection_endpoint = properties.token_introspection_endpoint;","    }","","    if (!properties.revocation_endpoint && properties.token_revocation_endpoint) {","      properties.revocation_endpoint = properties.token_revocation_endpoint;","    }","","    _.forEach(properties, (value, key) => {","      instance(this).metadata[key] = value;","      if (!this[key]) {","        Object.defineProperty(this, key, {","          get() { return instance(this).metadata[key]; },","        });","      }","    });","","    instance(this).cache = new LRU({ max: 100 });","","    registry.set(this.issuer, this);","","    const self = this;","","    Object.defineProperty(this, 'Client', {","      value: class Client extends BaseClient {","        static get issuer() {","          return self;","        }","","        get issuer() {","          return this.constructor.issuer;","        }","      },","    });","  }","","  /**","   * @name inspect","   * @api public","   */","  inspect() {","    return util.format('Issuer <%s>', this.issuer);","  }","","  /**","   * @name keystore","   * @api private","   */","  keystore(reload) {","    if (!this.jwks_uri) return Promise.reject(new Error('jwks_uri must be configured'));","","    const keystore = instance(this).keystore;","    const lookupCache = instance(this).cache;","","    if (reload || !keystore) {","      lookupCache.reset();","      return got(this.jwks_uri, this.httpOptions())","        .then(expectResponse(200))","        .then(response => JSON.parse(response.body))","        .then(jwks => jose.JWK.asKeyStore(jwks))","        .then((joseKeyStore) => {","          lookupCache.set('throttle', true, 60 * 1000);","          instance(this).keystore = joseKeyStore;","          return joseKeyStore;","        })","        .catch(errorHandler);","    }","","    return Promise.resolve(keystore);","  }","","  /**","   * @name key","   * @api private","   */","  key(def, allowMulti) {","    const lookupCache = instance(this).cache;","","    // refresh keystore on every unknown key but also only upto once every minute","    const freshJwksUri = lookupCache.get(def) || lookupCache.get('throttle');","","    return this.keystore(!freshJwksUri)","      .then(store => store.all(def))","      .then((keys) => {","        assert(keys.length, 'no valid key found');","        if (!allowMulti) {","          assert.equal(keys.length, 1, 'multiple matching keys, kid must be provided');","          lookupCache.set(def, true);","        }","        return keys[0];","      });","  }","","  /**","   * @name metadata","   * @api public","   */","  get metadata() {","    return instance(this).metadata;","  }","","  /**","   * @name webfinger","   * @api public","   */","  static webfinger(input) {","    const resource = webfingerNormalize(input);","    const host = url.parse(resource).host;","    const query = { resource, rel: REL };","    const opts = { query, followRedirect: true };","    const webfingerUrl = `https://${host}${WEBFINGER}`;","","    return got(webfingerUrl, this.httpOptions(opts))","      .then(expectResponse(200))","      .then(response => JSON.parse(response.body))","      .then((body) => {","        const location = _.find(body.links, link => typeof link === 'object' && link.rel === REL && link.href);","        assert(location, 'no issuer found in webfinger');","        assert(typeof location.href === 'string' && location.href.startsWith('https://'), 'invalid issuer location');","        const expectedIssuer = location.href;","        if (registry.has(expectedIssuer)) return registry.get(expectedIssuer);","","        return this.discover(expectedIssuer).then((issuer) => {","          try {","            assert.equal(issuer.issuer, expectedIssuer, 'discovered issuer mismatch');","          } catch (err) {","            registry.delete(issuer.issuer);","            throw err;","          }","          return issuer;","        });","      });","  }","","  /**","   * @name discover","   * @api public","   */","  static discover(uri) {","    uri = stripTrailingSlash(uri); // eslint-disable-line no-param-reassign","    const isWellKnown = uri.endsWith(DISCOVERY);","    const wellKnownUri = isWellKnown ? uri : `${uri}${DISCOVERY}`;","","    return got(wellKnownUri, this.httpOptions())","      .then(expectResponse(200))","      .then(response => new this(JSON.parse(response.body)))","      .catch(errorHandler);","  }","","  /**","   * @name httpOptions","   * @api public","   */","  httpOptions() {","    return this.constructor.httpOptions.apply(this.constructor, arguments); // eslint-disable-line prefer-rest-params, max-len","  }","","  /**","   * @name httpOptions","   * @api public","   */","  static httpOptions(values) {","    return _.merge({}, this.defaultHttpOptions, values);","  }","","  /**","   * @name defaultHttpOptions","   * @api public","   */","  static get defaultHttpOptions() {","    return defaultHttpOptions;","  }","","  /**","   * @name defaultHttpOptions=","   * @api public","   */","  static set defaultHttpOptions(value) {","    defaultHttpOptions = _.merge({}, DEFAULT_HTTP_OPTIONS, value);","  }","","}","","module.exports = Issuer;",""],"l":{"3":1,"4":1,"5":1,"6":1,"7":1,"8":1,"9":1,"11":1,"12":1,"13":1,"14":1,"15":1,"17":1,"18":1,"19":1,"20":1,"21":1,"23":1,"25":1,"27":1,"28":0,"29":0,"32":1,"33":0,"34":0,"36":0,"45":0,"47":0,"48":0,"51":0,"52":0,"55":0,"56":0,"57":0,"58":0,"59":0,"64":0,"66":0,"68":0,"70":0,"73":0,"77":0,"88":0,"96":0,"98":0,"99":0,"101":0,"102":0,"103":0,"105":0,"106":0,"108":0,"109":0,"110":0,"115":0,"123":0,"126":0,"128":0,"129":0,"131":0,"132":0,"133":0,"134":0,"136":0,"145":0,"153":0,"154":0,"155":0,"156":0,"157":0,"159":0,"161":0,"163":0,"164":0,"165":0,"166":0,"167":0,"169":0,"170":0,"171":0,"173":0,"174":0,"176":0,"186":0,"187":0,"188":0,"190":0,"192":0,"201":0,"209":0,"217":0,"225":0,"230":1}},"/home/travis/build/npmtest/node-npmtest-openid-client/node_modules/openid-client/lib/consts.js":{"path":"/home/travis/build/npmtest/node-npmtest-openid-client/node_modules/openid-client/lib/consts.js","s":{"1":1,"2":1,"3":1,"4":1,"5":1,"6":1,"7":1,"8":1,"9":1,"10":1,"11":1,"12":1,"13":1,"14":1,"15":1,"16":1,"17":1,"18":1,"19":1},"b":{},"f":{},"fnMap":{},"statementMap":{"1":{"start":{"line":1,"column":0},"end":{"line":1,"column":39}},"2":{"start":{"line":3,"column":0},"end":{"line":3,"column":66}},"3":{"start":{"line":5,"column":0},"end":{"line":5,"column":54}},"4":{"start":{"line":6,"column":0},"end":{"line":6,"column":43}},"5":{"start":{"line":7,"column":0},"end":{"line":7,"column":57}},"6":{"start":{"line":9,"column":0},"end":{"line":15,"column":2}},"7":{"start":{"line":17,"column":0},"end":{"line":25,"column":2}},"8":{"start":{"line":27,"column":0},"end":{"line":37,"column":2}},"9":{"start":{"line":39,"column":0},"end":{"line":44,"column":2}},"10":{"start":{"line":46,"column":0},"end":{"line":46,"column":40}},"11":{"start":{"line":48,"column":0},"end":{"line":48,"column":57}},"12":{"start":{"line":49,"column":0},"end":{"line":49,"column":49}},"13":{"start":{"line":50,"column":0},"end":{"line":50,"column":59}},"14":{"start":{"line":51,"column":0},"end":{"line":51,"column":49}},"15":{"start":{"line":52,"column":0},"end":{"line":52,"column":41}},"16":{"start":{"line":53,"column":0},"end":{"line":53,"column":39}},"17":{"start":{"line":54,"column":0},"end":{"line":54,"column":37}},"18":{"start":{"line":55,"column":0},"end":{"line":55,"column":25}},"19":{"start":{"line":56,"column":0},"end":{"line":56,"column":37}}},"branchMap":{},"code":["const pkg = require('../package.json');","","const USER_AGENT = `${pkg.name}/${pkg.version} (${pkg.homepage})`;","","const DISCOVERY = '/.well-known/openid-configuration';","const WEBFINGER = '/.well-known/webfinger';","const REL = 'http://openid.net/specs/connect/1.0/issuer';","","const CLIENT_DEFAULTS = {","  application_type: ['web'],","  grant_types: ['authorization_code'],","  id_token_signed_response_alg: 'RS256',","  response_types: ['code'],","  token_endpoint_auth_method: 'client_secret_basic',","};","","const ISSUER_DEFAULTS = {","  claims_parameter_supported: false,","  grant_types_supported: ['authorization_code', 'implicit'],","  request_parameter_supported: false,","  request_uri_parameter_supported: true,","  require_request_uri_registration: false,","  response_modes_supported: ['query', 'fragment'],","  token_endpoint_auth_methods_supported: ['client_secret_basic'],","};","","const CALLBACK_PROPERTIES = [","  'access_token',","  'code',","  'error',","  'error_description',","  'expires_in',","  'id_token',","  'state',","  'token_type',","  'session_state',","];","","const DEFAULT_HTTP_OPTIONS = {","  followRedirect: false,","  headers: { 'User-Agent': USER_AGENT },","  retries: 0,","  timeout: 1500,","};","","const JWT_CONTENT = /^application\\/jwt/;","","module.exports.CALLBACK_PROPERTIES = CALLBACK_PROPERTIES;","module.exports.CLIENT_DEFAULTS = CLIENT_DEFAULTS;","module.exports.DEFAULT_HTTP_OPTIONS = DEFAULT_HTTP_OPTIONS;","module.exports.ISSUER_DEFAULTS = ISSUER_DEFAULTS;","module.exports.JWT_CONTENT = JWT_CONTENT;","module.exports.USER_AGENT = USER_AGENT;","module.exports.DISCOVERY = DISCOVERY;","module.exports.REL = REL;","module.exports.WEBFINGER = WEBFINGER;",""],"l":{"1":1,"3":1,"5":1,"6":1,"7":1,"9":1,"17":1,"27":1,"39":1,"46":1,"48":1,"49":1,"50":1,"51":1,"52":1,"53":1,"54":1,"55":1,"56":1}},"/home/travis/build/npmtest/node-npmtest-openid-client/node_modules/openid-client/lib/error_handler.js":{"path":"/home/travis/build/npmtest/node-npmtest-openid-client/node_modules/openid-client/lib/error_handler.js","s":{"1":1,"2":1,"3":1,"4":0,"5":0,"6":0},"b":{"1":[0,0]},"f":{"1":0},"fnMap":{"1":{"name":"gotErrorHandler","line":6,"loc":{"start":{"line":6,"column":17},"end":{"line":6,"column":47}}}},"statementMap":{"1":{"start":{"line":3,"column":0},"end":{"line":3,"column":55}},"2":{"start":{"line":4,"column":0},"end":{"line":4,"column":62}},"3":{"start":{"line":6,"column":0},"end":{"line":9,"column":2}},"4":{"start":{"line":7,"column":2},"end":{"line":7,"column":90}},"5":{"start":{"line":7,"column":28},"end":{"line":7,"column":90}},"6":{"start":{"line":8,"column":2},"end":{"line":8,"column":12}}},"branchMap":{"1":{"line":7,"type":"if","locations":[{"start":{"line":7,"column":2},"end":{"line":7,"column":2}},{"start":{"line":7,"column":2},"end":{"line":7,"column":2}}]}},"code":["'use strict';","","const isStandardError = require('./is_standard_error');","const OpenIdConnectError = require('./open_id_connect_error');","","module.exports = function gotErrorHandler(err) {","  if (isStandardError(err)) throw new OpenIdConnectError(err.response.body, err.response);","  throw err;","};",""],"l":{"3":1,"4":1,"6":1,"7":0,"8":0}},"/home/travis/build/npmtest/node-npmtest-openid-client/node_modules/openid-client/lib/is_standard_error.js":{"path":"/home/travis/build/npmtest/node-npmtest-openid-client/node_modules/openid-client/lib/is_standard_error.js","s":{"1":1,"2":1,"3":0,"4":0,"5":0,"6":0,"7":0},"b":{"1":[0,0]},"f":{"1":0},"fnMap":{"1":{"name":"isStandardError","line":5,"loc":{"start":{"line":5,"column":17},"end":{"line":5,"column":49}}}},"statementMap":{"1":{"start":{"line":3,"column":0},"end":{"line":3,"column":27}},"2":{"start":{"line":5,"column":0},"end":{"line":14,"column":2}},"3":{"start":{"line":6,"column":2},"end":{"line":11,"column":3}},"4":{"start":{"line":7,"column":4},"end":{"line":10,"column":20}},"5":{"start":{"line":8,"column":6},"end":{"line":8,"column":60}},"6":{"start":{"line":9,"column":6},"end":{"line":9,"column":41}},"7":{"start":{"line":13,"column":2},"end":{"line":13,"column":15}}},"branchMap":{"1":{"line":6,"type":"if","locations":[{"start":{"line":6,"column":2},"end":{"line":6,"column":2}},{"start":{"line":6,"column":2},"end":{"line":6,"column":2}}]}},"code":["'use strict';","","const got = require('got');","","module.exports = function isStandardError(error) {","  if (error instanceof got.HTTPError) {","    try {","      error.response.body = JSON.parse(error.response.body);","      return !!error.response.body.error;","    } catch (err) {}","  }","","  return false;","};",""],"l":{"3":1,"5":1,"6":0,"7":0,"8":0,"9":0,"13":0}},"/home/travis/build/npmtest/node-npmtest-openid-client/node_modules/openid-client/lib/open_id_connect_error.js":{"path":"/home/travis/build/npmtest/node-npmtest-openid-client/node_modules/openid-client/lib/open_id_connect_error.js","s":{"1":1,"2":1,"3":0,"4":0,"5":0},"b":{"1":[0,0]},"f":{"1":0},"fnMap":{"1":{"name":"stdError","line":5,"loc":{"start":{"line":5,"column":56},"end":{"line":5,"column":90}}}},"statementMap":{"1":{"start":{"line":3,"column":0},"end":{"line":3,"column":55}},"2":{"start":{"line":5,"column":0},"end":{"line":18,"column":3}},"3":{"start":{"line":6,"column":2},"end":{"line":10,"column":3}},"4":{"start":{"line":7,"column":4},"end":{"line":9,"column":7}},"5":{"start":{"line":11,"column":2},"end":{"line":17,"column":5}}},"branchMap":{"1":{"line":6,"type":"if","locations":[{"start":{"line":6,"column":2},"end":{"line":6,"column":2}},{"start":{"line":6,"column":2},"end":{"line":6,"column":2}}]}},"code":["'use strict';","","const createErrorClass = require('create-error-class');","","module.exports = createErrorClass('OpenIdConnectError', function stdError(body, response) {","  if (response) {","    Object.defineProperty(this, 'response', {","      value: response,","    });","  }","  Object.assign(this, {","    message: body.error,","    error: body.error,","    error_description: body.error_description,","    state: body.state,","    scope: body.scope,","  });","});",""],"l":{"3":1,"5":1,"6":0,"7":0,"11":0}},"/home/travis/build/npmtest/node-npmtest-openid-client/node_modules/openid-client/lib/client.js":{"path":"/home/travis/build/npmtest/node-npmtest-openid-client/node_modules/openid-client/lib/client.js","s":{"1":1,"2":1,"3":1,"4":1,"5":1,"6":1,"7":1,"8":1,"9":1,"10":1,"11":1,"12":1,"13":1,"14":1,"15":1,"16":1,"17":1,"18":1,"19":1,"20":1,"21":1,"22":1,"23":1,"24":1,"25":0,"26":1,"27":0,"28":0,"29":0,"30":1,"31":0,"32":0,"33":0,"34":0,"35":0,"36":1,"37":0,"38":0,"39":0,"40":0,"41":0,"42":1,"43":0,"44":0,"45":0,"46":0,"47":0,"48":1,"49":0,"50":1,"51":0,"52":1,"53":0,"54":1,"55":0,"56":1,"57":0,"58":0,"59":0,"60":1,"61":0,"62":0,"63":0,"64":0,"65":0,"66":0,"67":0,"68":0,"69":0,"70":0,"71":1,"72":0,"73":0,"74":0,"75":0,"76":0,"77":0,"78":0,"79":0,"80":0,"81":0,"82":0,"83":0,"84":0,"85":0,"86":0,"87":0,"88":0,"89":1,"90":0,"91":0,"92":0,"93":0,"94":0,"95":0,"96":0,"97":0,"98":0,"99":0,"100":0,"101":0,"102":0,"103":0,"104":0,"105":0,"106":0,"107":0,"108":0,"109":0,"110":0,"111":0,"112":0,"113":0,"114":0,"115":0,"116":0,"117":0,"118":0,"119":0,"120":0,"121":0,"122":0,"123":0,"124":0,"125":0,"126":0,"127":0,"128
[...]
lumn":75}},"19":{"start":{"line":56,"column":0},"end":{"line":70,"column":1}},"20":{"start":{"line":57,"column":2},"end":{"line":57,"column":40}},"21":{"start":{"line":58,"column":2},"end":{"line":58,"column":65}},"22":{"start":{"line":60,"column":2},"end":{"line":60,"column":13}},"23":{"start":{"line":61,"column":2},"end":{"line":67,"column":3}},"24":{"start":{"line":62,"column":4},"end":{"line":62,"column":19}},"25":{"start":{"line":63,"column":9},"end":{"line":67,"column":3}},"26":{"start":{"line":64,"column":4},"end":{"line":64,"column":29}},"27":{"start":{"line":66,"column":4},"end":{"line":66,"column":32}},"28":{"start":{"line":69,"column":2},"end":{"line":69,"column":30}},"29":{"start":{"line":72,"column":0},"end":{"line":72,"column":27}}},"branchMap":{"1":{"line":37,"type":"if","locations":[{"start":{"line":37,"column":2},"end":{"line":37,"column":2}},{"start":{"line":37,"column":2},"end":{"line":37,"column":2}}]},"2":{"line":40,"type":"if","locations":[{"start":{"line":40,"column":2},"end":{"line":40,"column":2}},{"start":{"line":40,"column":2},"end":{"line":40,"column":2}}]},"3":{"line":43,"type":"if","locations":[{"start":{"line":43,"column":4},"end":{"line":43,"column":4}},{"start":{"line":43,"column":4},"end":{"line":43,"column":4}}]},"4":{"line":50,"type":"if","locations":[{"start":{"line":50,"column":2},"end":{"line":50,"column":2}},{"start":{"line":50,"column":2},"end":{"line":50,"column":2}}]},"5":{"line":53,"type":"binary-expr","locations":[{"start":{"line":53,"column":11},"end":{"line":53,"column":29}},{"start":{"line":53,"column":33},"end":{"line":53,"column":51}},{"start":{"line":53,"column":55},"end":{"line":53,"column":73}}]},"6":{"line":61,"type":"if","locations":[{"start":{"line":61,"column":2},"end":{"line":61,"column":2}},{"start":{"line":61,"column":2},"end":{"line":61,"column":2}}]},"7":{"line":63,"type":"if","locations":[{"start":{"line":63,"column":9},"end":{"line":63,"column":9}},{"start":{"line":63,"column":9},"end":{"line":63,"column":9}}]}},"code":["'use strict';","","// Credit: https://github.com/rohe/pyoidc/blob/master/src/oic/utils/webfinger.py","","// -- Normalization --","// A string of any other type is interpreted as a URI either the form of scheme","// \"://\" authority path-abempty [ \"?\" query ] [ \"#\" fragment ] or authority","// path-abempty [ \"?\" query ] [ \"#\" fragment ] per RFC 3986 [RFC3986] and is","// normalized according to the following rules:","//","// If the user input Identifier does not have an RFC 3986 [RFC3986] scheme","// portion, the string is interpreted as [userinfo \"@\"] host [\":\" port]","// path-abempty [ \"?\" query ] [ \"#\" fragment ] per RFC 3986 [RFC3986].","// If the userinfo component is present and all of the path component, query","// component, and port component are empty, the acct scheme is assumed. In this","// case, the normalized URI is formed by prefixing acct: to the string as the","// scheme. Per the 'acct' URI Scheme [I‑D.ietf‑appsawg‑acct‑uri], if there is an","// at-sign character ('@') in the userinfo component, it needs to be","// percent-encoded as described in RFC 3986 [RFC3986].","// For all other inputs without a scheme portion, the https scheme is assumed,","// and the normalized URI is formed by prefixing https:// to the string as the","// scheme.","// If the resulting URI contains a fragment portion, it MUST be stripped off","// together with the fragment delimiter character \"#\".","// The WebFinger [I‑D.ietf‑appsawg‑webfinger] Resource in this case is the","// resulting URI, and the WebFinger Host is the authority component.","//","// Note: Since the definition of authority in RFC 3986 [RFC3986] is","// [ userinfo \"@\" ] host [ \":\" port ], it is legal to have a user input","// identifier like userinfo@host:port, e.g., alice@example.com:8080.","","const assert = require('assert');","","const PORT = /^\\d+$/;","","function hasScheme(input) {","  if (input.includes('://')) return true;","","  const authority = input.replace(/(\\/|\\?)/g, '#').split('#')[0];","  if (authority.includes(':')) {","    const index = authority.indexOf(':');","    const hostOrPort = authority.slice(index + 1);","    if (!PORT.exec(hostOrPort)) return true;","  }","","  return false;","}","","function acctSchemeAssumed(input) {","  if (!input.includes('@')) return false;","  const parts = input.split('@');","  const host = parts[parts.length - 1];","  return !(host.includes(':') || host.includes('/') || host.includes('?'));","}","","function normalize(input) {","  assert(input, 'nothing to normalize');","  assert.equal(typeof input, 'string', 'input must be a string');","","  let output;","  if (hasScheme(input)) {","    output = input;","  } else if (acctSchemeAssumed(input)) {","    output = `acct:${input}`;","  } else {","    output = `https://${input}`;","  }","","  return output.split('#')[0];","}","","module.exports = normalize;",""],"l":{"32":1,"34":1,"36":1,"37":0,"39":0,"40":0,"41":0,"42":0,"43":0,"46":0,"49":1,"50":0,"51":0,"52":0,"53":0,"56":1,"57":0,"58":0,"60":0,"61":0,"62":0,"63":0,"64":0,"66":0,"69":0,"72":1}},"/home/travis/build/npmtest/node-npmtest-openid-client/node_modules/openid-client/lib/passport_strategy.js":{"path":"/home/travis/build/npmtest/node-npmtest-openid-client/node_modules/openid-client/lib/passport_strategy.js","s":{"1":1,"2":1,"3":1,"4":1,"5":1,"6":1,"7":1,"8":0,"9":0,"10":0,"11":0,"12":0,"13":0,"14":1,"15":0,"16":0,"17":0,"18":0,"19":0,"20":0,"21":0,"22":0,"23":0,"24":0,"25":0,"26":0,"27":0,"28":0,"29":0,"30":0,"31":0,"32":0,"33":0,"34":0,"35":1,"36":0,"37":0,"38":0,"39":0,"40":0,"41":0,"42":0,"43":0,"44":0,"45":0,"46":0,"47":0,"48":0,"49":0,"50":0,"51":0,"52":0,"53":0,"54":0,"55":0,"56":0,"57":0,"58":0,"59":0,"60":0,"61":0,"62":0,"63":0,"64":0,"65":0,"66":0,"67":0,"68":0,"69":0,"70":0,"71":0,"72":0,"73":0,"74":0,"75":0,"76":0,"77":0,"78":1},"b":{"1":[0,0],"2":[0,0],"3":[0,0],"4":[0,0],"5":[0,0],"6":[0,0],"7":[0,0],"8":[0,0],"9":[0,0],"10":[0,0],"11":[0,0],"12":[0,0],"13":[0,0],"14":[0,0],"15":[0,0],"16":[0,0],"17":[0,0],"18":[0,0],"19":[0,0],"20":[0,0,0]},"f":{"1":0,"2":0,"3":0},"fnMap":{"1":{"name":"verified","line":12,"loc":{"start":{"line":12,"column":0},"end":{"line":12,"column":35}}},"2":{"name":"OpenIDConnectStrategy","line":27,"loc":{"start":{"line":27,"column":0},"end":{"line":27,"column":48}}},"3":{"name":"authenticate","line":53,"loc":{"start":{"line":53,"column":47},"end":{"line":53,"column":83}}}},"statementMap":{"1":{"start":{"line":5,"column":0},"end":{"line":5,"column":28}},"2":{"start":{"line":6,"column":0},"end":{"line":6,"column":29}},"3":{"start":{"line":7,"column":0},"end":{"line":7,"column":27}},"4":{"start":{"line":8,"column":0},"end":{"line":8,"column":33}},"5":{"start":{"line":9,"column":0},"end":{"line":9,"column":62}},"6":{"start":{"line":10,"column":0},"end":{"line":10,"column":35}},"7":{"start":{"line":12,"column":0},"end":{"line":21,"column":1}},"8":{"start":{"line":13,"column":2},"end":{"line":13,"column":25}},"9":{"start":{"line":14,"column":2},"end":{"line":20,"column":3}},"10":{"start":{"line":15,"column":4},"end":{"line":15,"column":20}},"11":{"start":{"line":16,"column":9},"end":{"line":20,"column":3}},"12":{"start":{"line":17,"column":4},"end":{"line":17,"column":19}},"13":{"start":{"line":19,"column":4},"end":{"line":19,"column":28}},"14":{"start":{"line":27,"column":0},"end":{"line":51,"column":1}},"15":{"start":{"line":28,"column":2},"end":{"line":31,"column":7}},"16":{"start":{"line":29,"column":4},"end":{"line":29,"column":62}},"17":{"start":{"line":29,"column":35},"end":{"line":29,"column":62}},"18":{"start":{"line":30,"column":4},"end":{"line":30,"column":19}},"19":{"start":{"line":33,"column":2},"end":{"line":33,"column":29}},"20":{"start":{"line":35,"column":2},"end":{"line":35,"column":47}},"21":{"start":{"line":36,"column":2},"end":{"line":36,"column":42}},"22":{"start":{"line":38,"column":2},"end":{"line":38,"column":97}},"23":{"start":{"line":40,"column":2},"end":{"line":40,"column":24}},"24":{"start":{"line":41,"column":2},"end":{"line":41,"column":31}},"25":{"start":{"line":42,"column":2},"end":{"line":42,"column":24}},"26":{"start":{"line":43,"column":2},"end":{"line":43,"column":35}},"27":{"start":{"line":44,"column":2},"end":{"line":44,"column":30}},"28":{"start":{"line":46,"column":2},"end":{"line":46,"column":55}},"29":{"start":{"line":48,"column":2},"end":{"line":48,"column":95}},"30":{"start":{"line":48,"column":29},"end":{"line":48,"column":95}},"31":{"start":{"line":49,"column":2},"end":{"line":49,"column":84}},"32":{"start":{"line":49,"column":28},"end":{"line":49,"column":84}},"33":{"start":{"line":50,"column":2},"end":{"line":50,"column":45}},"34":{"start":{"line":50,"column":21},"end":{"line":50,"column":45}},"35":{"start":{"line":53,"column":0},"end":{"line":132,"column":2}},"36":{"start":{"line":54,"column":2},"end":{"line":54,"column":30}},"37":{"start":{"line":55,"column":2},"end":{"line":55,"column":30}},"38":{"start":{"line":56,"column":2},"end":{"line":131,"column":3}},"39":{"start":{"line":57,"column":4},"end":{"line":57,"column":116}},"40":{"start":{"line":57,"column":22},"end":{"line":57,"column":116}},"41":{"start":{"line":58,"column":4},"end":{"line":58,"column":49}},"42":{"start":{"line":59,"column":4},"end":{"line":59,"column":67}},"43":{"start":{"line":62,"column":4},"end":{"line":75,"column":5}},"44":{"start":{"line":64,"column":6},"end":{"line":66,"column":9}},"45":{"start":{"line":68,"column":6},"end":{"line":70,"column":7}},"46":{"start":{"line":69,"column":8},"end":{"line":69,"column":28}},"47":{"start":{"line":72,"column":6},"end":{"line":72,"column":74}},"48":{"start":{"line":73,"column":6},"end":{"line":73,"column":51}},"49":{"start":{"line":74,"column":6},"end":{"line":74,"column":13}},"50":{"start":{"line":79,"column":4},"end":{"line":79,"column":44}},"51":{"start":{"line":80,"column":4},"end":{"line":80,"column":42}},"52":{"start":{"line":81,"column":4},"end":{"line":81,"column":45}},"53":{"start":{"line":82,"column":4},"end":{"line":82,"column":42}},"54":{"start":{"line":84,"column":4},"end":{"line":84,"column":52}},"55":{"start":{"line":84,"column":21},"end":{"line":84,"column":52}},"56":{"start":{"line":86,"column":4},"end":{"line":88,"column":7}},"57":{"start":{"line":90,"column":4},"end":{"line":90,"column":53}},"58":{"start":{"line":91,"column":4},"end":{"line":95,"column":9}},"59":{"start":{"line":93,"column":8},"end":{"line":93,"column":36}},"60":{"start":{"line":94,"column":8},"end":{"line":94,"column":22}},"61":{"start":{"line":97,"column":4},"end":{"line":97,"column":84}},"62":{"start":{"line":99,"column":4},"end":{"line":111,"column":5}},"63":{"start":{"line":100,"column":6},"end":{"line":110,"column":9}},"64":{"start":{"line":101,"column":8},"end":{"line":107,"column":9}},"65":{"start":{"line":102,"column":10},"end":{"line":102,"column":67}},"66":{"start":{"line":103,"column":10},"end":{"line":106,"column":13}},"67":{"start":{"line":104,"column":12},"end":{"line":104,"column":39}},"68":{"start":{"line":105,"column":12},"end":{"line":105,"column":26}},"69":{"start":{"line":109,"column":8},"end":{"line":109,"column":22}},"70":{"start":{"line":113,"column":4},"end":{"line":127,"column":7}},"71":{"start":{"line":114,"column":6},"end":{"line":118,"column":7}},"72":{"start":{"line":115,"column":8},"end":{"line":115,"column":76}},"73":{"start":{"line":117,"column":8},"end":{"line":117,"column":59}},"74":{"start":{"line":120,"column":6},"end":{"line":126,"column":7}},"75":{"start":{"line":123,"column":8},"end":{"line":123,"column":25}},"76":{"start":{"line":125,"column":8},"end":{"line":125,"column":26}},"77":{"start":{"line":130,"column":4},"end":{"line":130,"column":20}},"78":{"start":{"line":134,"column":0},"end":{"line":134,"column":39}}},"branchMap":{"1":{"line":13,"type":"binary-expr","locations":[{"start":{"line":13,"column":14},"end":{"line":13,"column":18}},{"start":{"line":13,"column":22},"end":{"line":13,"column":24}}]},"2":{"line":14,"type":"if","locations":[{"start":{"line":14,"column":2},"end":{"line":14,"column":2}},{"start":{"line":14,"column":2},"end":{"line":14,"column":2}}]},"3":{"line":16,"type":"if","locations":[{"start":{"line":16,"column":9},"end":{"line":16,"column":9}},{"start":{"line":16,"column":9},"end":{"line":16,"column":9}}]},"4":{"line":29,"type":"if","locations":[{"start":{"line":29,"column":4},"end":{"line":29,"column":4}},{"start":{"line":29,"column":4},"end":{"line":29,"column":4}}]},"5":{"line":38,"type":"binary-expr","locations":[{"start":{"line":38,"column":9},"end":{"line":38,"column":22}},{"start":{"line":38,"column":26},"end":{"line":38,"column":46}}]},"6":{"line":43,"type":"binary-expr","locations":[{"start":{"line":43,"column":17},"end":{"line":43,"column":28}},{"start":{"line":43,"column":32},"end":{"line":43,"column":34}}]},"7":{"line":48,"type":"if","locations":[{"start":{"line":48,"column":2},"end":{"line":48,"column":2}},{"start":{"line":48,"column":2},"end":{"line":48,"column":2}}]},"8":{"line":49,"type":"if","locations":[{"start":{"line":49,"column":2},"end":{"line":49,"column":2}},{"start":{"line":49,"column":2},"end":{"line":49,"column":2}}]},"9":{"line":50,"type":"if","locations":[{"start":{"line":50,"column":2},"end":{"line":50,"column":2}},{"start":{"line":50,"column":2},"end":{"line":50,"column":2}}]},"10":{"line":57,"type":"if","locations":[{"start":{"line":57,"column":4},"end":{"line":57,"column":4}},{"start":{"line":57,"column":4},"end":{"line":57,"column":4}}]},"11":{"line":62,"type":"if","locations":[{"start":{"line":62,"column":4},"end":{"line":62,"column":4}},{"start":{"line":62,"column":4},"end":{"line":62,"column":4}}]},"12":{"line":68,"type":"if","locations":[{"start":{"line":68,"column":6},"end":{"line":68,"column":6}},{"start":{"line":68,"column":6},"end":{"line":68,"column":6}}]},"13":{"line":68,"type":"binary-expr","locations":[{"start":{"line":68,"column":10},"end":{"line":68,"column":21}},{"start":{"line":68,"column":25},"end":{"line":68,"column":64}}]},"14":{"line":84,"type":"if","locations":[{"start":{"line":84,"column":4},"end":{"line":84,"column":4}},{"start":{"line":84,"column":4},"end":{"line":84,"column":4}}]},"15":{"line":97,"type":"binary-expr","locations":[{"start":{"line":97,"column":25},"end":{"line":97,"column":48}},{"start":{"line":97,"column":52},"end":{"line":97,"column":83}}]},"16":{"line":99,"type":"if","locations":[{"start":{"line":99,"column":4},"end":{"line":99,"column":4}},{"start":{"line":99,"column":4},"end":{"line":99,"column":4}}]},"17":{"line":101,"type":"if","locations":[{"start":{"line":101,"column":8},"end":{"line":101,"column":8}},{"start":{"line":101,"column":8},"end":{"line":101,"column":8}}]},"18":{"line":114,"type":"if","locations":[{"start":{"line":114,"column":6},"end":{"line":114,"column":6}},{"start":{"line":114,"column":6},"end":{"line":114,"column":6}}]},"19":{"line":120,"type":"if","locations":[{"start":{"line":120,"column":6},"end":{"line":120,"column":6}},{"start":{"line":120,"column":6},"end":{"line":120,"column":6}}]},"20":{"line":120,"type":"binary-expr","locations":[{"start":{"line":120,"column":10},"end":{"line":120,"column":45}},{"start":{"line":121,"column":12},"end":{"line":121,"column":42}},{"start":{"line":122,"column":12},"end":{"line":122,"column":46}}]}},"code":["'use strict';","","/* eslint-disable no-underscore-dangle */","","const _ = require('lodash');","const uuid = require('uuid');","const url = require('url');","const assert = require('assert');","const OpenIdConnectError = require('./open_id_connect_error');","const Client = require('./client');","","function verified(err, user, info) {","  const add = info || {};","  if (err) {","    this.error(err);","  } else if (!user) {","    this.fail(add);","  } else {","    this.success(user, add);","  }","}","","/**"," * @name constructor"," * @api public"," */","function OpenIDConnectStrategy(options, verify) {","  const opts = (() => {","    if (options instanceof Client) return { client: options };","    return options;","  })();","","  const client = opts.client;","","  assert.equal(client instanceof Client, true);","  assert.equal(typeof verify, 'function');","","  assert(client.issuer && client.issuer.issuer, 'client must have an issuer with an identifier');","","  this._client = client;","  this._issuer = client.issuer;","  this._verify = verify;","  this._params = opts.params || {};","  const params = this._params;","","  this.name = url.parse(client.issuer.issuer).hostname;","","  if (!params.response_type) params.response_type = _.get(client, 'response_types[0]', 'code');","  if (!params.redirect_uri) params.redirect_uri = _.get(client, 'redirect_uris[0]');","  if (!params.scope) params.scope = 'openid';","}","","OpenIDConnectStrategy.prototype.authenticate = function authenticate(req, options) {","  const client = this._client;","  const issuer = this._issuer;","  try {","    if (!req.session) throw new Error('authentication requires session support when using state, max_age or nonce');","    const reqParams = client.callbackParams(req);","    const sessionKey = `oidc:${url.parse(issuer.issuer).hostname}`;","","    /* start authentication request */","    if (_.isEmpty(reqParams)) {","      // provide options objecti with extra authentication parameters","      const opts = _.defaults({}, options, this._params, {","        state: uuid(),","      });","","      if (!opts.nonce && opts.response_type.includes('id_token')) {","        opts.nonce = uuid();","      }","","      req.session[sessionKey] = _.pick(opts, 'nonce', 'state', 'max_age');","      this.redirect(client.authorizationUrl(opts));","      return;","    }","    /* end authentication request */","","    /* start authentication response */","    const session = req.session[sessionKey];","    const state = _.get(session, 'state');","    const maxAge = _.get(session, 'max_age');","    const nonce = _.get(session, 'nonce');","","    if (req.session) delete req.session[sessionKey];","","    const opts = _.defaults({}, options, {","      redirect_uri: this._params.redirect_uri,","    });","","    const checks = { state, nonce, max_age: maxAge };","    let callback = client.authorizationCallback(opts.redirect_uri, reqParams, checks)","      .then((tokenset) => {","        const result = { tokenset };","        return result;","      });","","    const loadUserinfo = this._verify.length > 2 && client.issuer.userinfo_endpoint;","","    if (loadUserinfo) {","      callback = callback.then((result) => {","        if (result.tokenset.access_token) {","          const userinfoRequest = client.userinfo(result.tokenset);","          return userinfoRequest.then((userinfo) => {","            result.userinfo = userinfo;","            return result;","          });","        }","","        return result;","      });","    }","","    callback.then((result) => {","      if (loadUserinfo) {","        this._verify(result.tokenset, result.userinfo, verified.bind(this));","      } else {","        this._verify(result.tokenset, verified.bind(this));","      }","    }).catch((error) => {","      if (error instanceof OpenIdConnectError &&","            error.error !== 'server_error' &&","            !error.error.startsWith('invalid')) {","        this.fail(error);","      } else {","        this.error(error);","      }","    });","    /* end authentication response */","  } catch (err) {","    this.error(err);","  }","};","","module.exports = OpenIDConnectStrategy;",""],"l":{"5":1,"6":1,"7":1,"8":1,"9":1,"10":1,"12":1,"13":0,"14":0,"15":0,"16":0,"17":0,"19":0,"27":1,"28":0,"29":0,"30":0,"33":0,"35":0,"36":0,"38":0,"40":0,"41":0,"42":0,"43":0,"44":0,"46":0,"48":0,"49":0,"50":0,"53":1,"54":0,"55":0,"56":0,"57":0,"58":0,"59":0,"62":0,"64":0,"68":0,"69":0,"72":0,"73":0,"74":0,"79":0,"80":0,"81":0,"82":0,"84":0,"86":0,"90":0,"91":0,"93":0,"94":0,"97":0,"99":0,"100":0,"101":0,"102":0,"103":0,"104":0,"105":0,"109":0,"113":0,"114":0,"115":0,"117":0,"120":0,"123":0,"125":0,"130":0,"134":1}}}